#
# There is insufficient memory for the Java Runtime Environment to continue.
# Native memory allocation (mmap) failed to map 156237824 bytes for committing reserved memory.
# Possible reasons:
#   The system is out of physical RAM or swap space
#   In 32 bit mode, the process size limit was hit
# Possible solutions:
#   Reduce memory load on the system
#   Increase physical memory or swap space
#   Check if swap backing store is full
#   Use 64 bit Java on a 64 bit OS
#   Decrease Java heap size (-Xmx/-Xms)
#   Decrease number of Java threads
#   Decrease Java thread stack sizes (-Xss)
#   Set larger code cache with -XX:ReservedCodeCacheSize=
# This output file may be truncated or incomplete.
#
#  Out of Memory Error (os_linux.cpp:2673), pid=5182, tid=140171114673920
#
# JRE version: Java(TM) SE Runtime Environment (8.0_45-b14) (build 1.8.0_45-b14)
# Java VM: Java HotSpot(TM) 64-Bit Server VM (25.45-b02 mixed mode linux-amd64 compressed oops)
# Failed to write core dump. Core dumps have been disabled. To enable core dumping, try "ulimit -c unlimited" before starting Java again
#

---------------  T H R E A D  ---------------

Current thread (0x00007f7c38078000):  VMThread [stack: 0x00007f7c216f7000,0x00007f7c217f8000] [id=5190]

Stack: [0x00007f7c216f7000,0x00007f7c217f8000],  sp=0x00007f7c217f6260,  free space=1020k
Native frames: (J=compiled Java code, j=interpreted, Vv=VM code, C=native code)
V  [libjvm.so+0xaac99a]  VMError::report_and_die()+0x2ba
V  [libjvm.so+0x4f333b]  report_vm_out_of_memory(char const*, int, unsigned long, VMErrorType, char const*)+0x8b
V  [libjvm.so+0x90e7c3]  os::Linux::commit_memory_impl(char*, unsigned long, bool)+0x103
V  [libjvm.so+0x90ed19]  os::pd_commit_memory(char*, unsigned long, unsigned long, bool)+0x29
V  [libjvm.so+0x90867a]  os::commit_memory(char*, unsigned long, unsigned long, bool)+0x2a
V  [libjvm.so+0x97bac3]  PSVirtualSpace::expand_by(unsigned long)+0x53
V  [libjvm.so+0x96c320]  PSOldGen::expand(unsigned long)+0x170
V  [libjvm.so+0x96c52b]  PSOldGen::resize(unsigned long)+0x1cb
V  [libjvm.so+0x974241]  PSParallelCompact::invoke_no_policy(bool)+0x9d1
V  [libjvm.so+0x979bed]  PSScavenge::invoke()+0x1ad
V  [libjvm.so+0x932050]  ParallelScavengeHeap::failed_mem_allocate(unsigned long)+0x70
V  [libjvm.so+0xaae1d7]  VM_ParallelGCFailedAllocation::doit()+0x97
V  [libjvm.so+0xab59c5]  VM_Operation::evaluate()+0x55
V  [libjvm.so+0xab3d9a]  VMThread::evaluate_operation(VM_Operation*)+0xba
V  [libjvm.so+0xab411e]  VMThread::loop()+0x1ce
V  [libjvm.so+0xab4590]  VMThread::run()+0x70
V  [libjvm.so+0x910de8]  java_start(Thread*)+0x108

VM_Operation (0x00007f7bf35bab90): ParallelGCFailedAllocation, mode: safepoint, requested by thread 0x00007f7be001c800


---------------  P R O C E S S  ---------------

Java Threads: ( => current thread )
  0x00007f7be44a7000 JavaThread "Stdin handler" [_thread_blocked, id=11802, stack(0x00007f7bf32bd000,0x00007f7bf33be000)]
  0x00007f7be001c800 JavaThread "Daemon worker Thread 20" [_thread_blocked, id=11799, stack(0x00007f7bf34bf000,0x00007f7bf35c0000)]
  0x00007f7be0003800 JavaThread "Cancel handler" [_thread_blocked, id=11798, stack(0x00007f7bf37c0000,0x00007f7bf38c1000)]
  0x00007f7be000f000 JavaThread "Handler for socket connection from /127.0.0.1:32804 to /127.0.0.1:51197" [_thread_in_native, id=11797, stack(0x00007f7bf33be000,0x00007f7bf34bf000)]
  0x00007f7be8005000 JavaThread "Daemon Thread 20" [_thread_blocked, id=11796, stack(0x00007f7bf38c1000,0x00007f7bf39c2000)]
  0x00007f7bdc705800 JavaThread "File lock request listener" [_thread_in_native, id=5211, stack(0x00007f7bf25bc000,0x00007f7bf26bd000)]
  0x00007f7c38b95000 JavaThread "Incoming local TCP Connector on port 32804" [_thread_in_native, id=5199, stack(0x00007f7c20100000,0x00007f7c20201000)]
  0x00007f7c380c0800 JavaThread "Service Thread" daemon [_thread_blocked, id=5197, stack(0x00007f7c20bb9000,0x00007f7c20cba000)]
  0x00007f7c380bb000 JavaThread "C1 CompilerThread2" daemon [_thread_blocked, id=5196, stack(0x00007f7c20cba000,0x00007f7c20dbb000)]
  0x00007f7c380b9800 JavaThread "C2 CompilerThread1" daemon [_thread_blocked, id=5195, stack(0x00007f7c20dbb000,0x00007f7c20ebc000)]
  0x00007f7c380b6800 JavaThread "C2 CompilerThread0" daemon [_thread_blocked, id=5194, stack(0x00007f7c20ebc000,0x00007f7c20fbd000)]
  0x00007f7c380b5000 JavaThread "Signal Dispatcher" daemon [_thread_blocked, id=5193, stack(0x00007f7c20fbd000,0x00007f7c210be000)]
  0x00007f7c3807f000 JavaThread "Finalizer" daemon [_thread_blocked, id=5192, stack(0x00007f7c214f5000,0x00007f7c215f6000)]
  0x00007f7c3807d000 JavaThread "Reference Handler" daemon [_thread_blocked, id=5191, stack(0x00007f7c215f6000,0x00007f7c216f7000)]
  0x00007f7c3800a000 JavaThread "main" [_thread_blocked, id=5184, stack(0x00007f7c3fdbc000,0x00007f7c3febd000)]

Other Threads:
=>0x00007f7c38078000 VMThread [stack: 0x00007f7c216f7000,0x00007f7c217f8000] [id=5190]
  0x00007f7c380c3000 WatcherThread [stack: 0x00007f7c20ab8000,0x00007f7c20bb9000] [id=5198]

VM state:at safepoint (normal execution)

VM Mutex/Monitor currently owned by a thread:  ([mutex/lock_event])
[0x00007f7c38005f30] ExpandHeap_lock - owner thread: 0x00007f7c38078000
[0x00007f7c380065b0] Threads_lock - owner thread: 0x00007f7c38078000
[0x00007f7c38006ab0] Heap_lock - owner thread: 0x00007f7be001c800

Heap:
 PSYoungGen      total 263168K, used 27088K [0x00000000eab00000, 0x0000000100000000, 0x0000000100000000)
  eden space 177664K, 15% used [0x00000000eab00000,0x00000000ec5740a8,0x00000000f5880000)
  from space 85504K, 0% used [0x00000000f5880000,0x00000000f5880000,0x00000000fac00000)
  to   space 86016K, 0% used [0x00000000fac00000,0x00000000fac00000,0x0000000100000000)
 ParOldGen       total 204800K, used 204749K [0x00000000c0000000, 0x00000000cc800000, 0x00000000eab00000)
  object space 204800K, 99% used [0x00000000c0000000,0x00000000cc7f36c0,0x00000000cc800000)
 Metaspace       used 197862K, capacity 207496K, committed 209320K, reserved 1226752K
  class space    used 27245K, capacity 30801K, committed 31144K, reserved 1048576K

Card table byte_map: [0x00007f7c3c999000,0x00007f7c3cb9a000] byte_map_base: 0x00007f7c3c399000

Marking Bits: (ParMarkBitMap*) 0x00007f7c3f297760
 Begin Bits: [0x00007f7c22000000, 0x00007f7c23000000)
 End Bits:   [0x00007f7c23000000, 0x00007f7c24000000)

Polling page: 0x00007f7c3fede000

CodeCache: size=245760Kb used=49408Kb max_used=49420Kb free=196351Kb
 bounds [0x00007f7c29000000, 0x00007f7c2c0b0000, 0x00007f7c38000000]
 total_blobs=13447 nmethods=12720 adapters=637
 compilation: enabled

Compilation events (10 events):
Event: 8191.463 Thread 0x00007f7c380bb000 18853   !   3       org.gradle.util.ConfigureUtil::configureByMap (120 bytes)
Event: 8191.464 Thread 0x00007f7c380bb000 nmethod 18853 0x00007f7c2c017f10 code [0x00007f7c2c018160, 0x00007f7c2c018f38]
Event: 8191.608 Thread 0x00007f7c380bb000 18854       3       org.codehaus.groovy.antlr.parser.GroovyLexer::mNLS (383 bytes)
Event: 8191.609 Thread 0x00007f7c380b6800 18855       4       org.codehaus.groovy.antlr.parser.GroovyLexer::mONE_NL (235 bytes)
Event: 8191.609 Thread 0x00007f7c380b9800 18856       4       org.codehaus.groovy.antlr.parser.GroovyLexer::newlineCheck (41 bytes)
Event: 8191.611 Thread 0x00007f7c380b9800 nmethod 18856 0x00007f7c2c082750 code [0x00007f7c2c0828a0, 0x00007f7c2c082958]
Event: 8191.618 Thread 0x00007f7c380bb000 nmethod 18854 0x00007f7c2c094f10 code [0x00007f7c2c095980, 0x00007f7c2c09e908]
Event: 8191.619 Thread 0x00007f7c380b6800 nmethod 18855 0x00007f7c2a4e1ad0 code [0x00007f7c2a4e1ce0, 0x00007f7c2a4e2270]
Event: 8191.657 Thread 0x00007f7c380b9800 18857   !   4       org.gradle.internal.classloader.FilteringClassLoader::loadClass (56 bytes)
Event: 8191.660 Thread 0x00007f7c380b9800 nmethod 18857 0x00007f7c29b92110 code [0x00007f7c29b922a0, 0x00007f7c29b924e0]

GC Heap History (10 events):
Event: 7434.242 GC heap after
Heap after GC invocations=80 (full 20):
 PSYoungGen      total 252416K, used 36225K [0x00000000eab00000, 0x00000000feb00000, 0x0000000100000000)
  eden space 185344K, 0% used [0x00000000eab00000,0x00000000eab00000,0x00000000f6000000)
  from space 67072K, 54% used [0x00000000fa980000,0x00000000fcce0710,0x00000000feb00000)
  to   space 71168K, 0% used [0x00000000f6000000,0x00000000f6000000,0x00000000fa580000)
 ParOldGen       total 204800K, used 162077K [0x00000000c0000000, 0x00000000cc800000, 0x00000000eab00000)
  object space 204800K, 79% used [0x00000000c0000000,0x00000000c9e474e8,0x00000000cc800000)
 Metaspace       used 183012K, capacity 191590K, committed 192936K, reserved 1214464K
  class space    used 25004K, capacity 28094K, committed 28584K, reserved 1048576K
}
Event: 7738.923 GC heap before
{Heap before GC invocations=81 (full 20):
 PSYoungGen      total 252416K, used 221569K [0x00000000eab00000, 0x00000000feb00000, 0x0000000100000000)
  eden space 185344K, 100% used [0x00000000eab00000,0x00000000f6000000,0x00000000f6000000)
  from space 67072K, 54% used [0x00000000fa980000,0x00000000fcce0710,0x00000000feb00000)
  to   space 71168K, 0% used [0x00000000f6000000,0x00000000f6000000,0x00000000fa580000)
 ParOldGen       total 204800K, used 162077K [0x00000000c0000000, 0x00000000cc800000, 0x00000000eab00000)
  object space 204800K, 79% used [0x00000000c0000000,0x00000000c9e474e8,0x00000000cc800000)
 Metaspace       used 189245K, capacity 198012K, committed 199080K, reserved 1218560K
  class space    used 25951K, capacity 29129K, committed 29608K, reserved 1048576K
Event: 7739.008 GC heap after
Heap after GC invocations=81 (full 20):
 PSYoungGen      total 256512K, used 57273K [0x00000000eab00000, 0x00000000ff600000, 0x0000000100000000)
  eden space 185344K, 0% used [0x00000000eab00000,0x00000000eab00000,0x00000000f6000000)
  from space 71168K, 80% used [0x00000000f6000000,0x00000000f97ee608,0x00000000fa580000)
  to   space 75776K, 0% used [0x00000000fac00000,0x00000000fac00000,0x00000000ff600000)
 ParOldGen       total 204800K, used 162085K [0x00000000c0000000, 0x00000000cc800000, 0x00000000eab00000)
  object space 204800K, 79% used [0x00000000c0000000,0x00000000c9e494e8,0x00000000cc800000)
 Metaspace       used 189245K, capacity 198012K, committed 199080K, reserved 1218560K
  class space    used 25951K, capacity 29129K, committed 29608K, reserved 1048576K
}
Event: 7740.659 GC heap before
{Heap before GC invocations=82 (full 20):
 PSYoungGen      total 256512K, used 242617K [0x00000000eab00000, 0x00000000ff600000, 0x0000000100000000)
  eden space 185344K, 100% used [0x00000000eab00000,0x00000000f6000000,0x00000000f6000000)
  from space 71168K, 80% used [0x00000000f6000000,0x00000000f97ee608,0x00000000fa580000)
  to   space 75776K, 0% used [0x00000000fac00000,0x00000000fac00000,0x00000000ff600000)
 ParOldGen       total 204800K, used 162085K [0x00000000c0000000, 0x00000000cc800000, 0x00000000eab00000)
  object space 204800K, 79% used [0x00000000c0000000,0x00000000c9e494e8,0x00000000cc800000)
 Metaspace       used 195952K, capacity 205348K, committed 206120K, reserved 1224704K
  class space    used 26929K, capacity 30361K, committed 30760K, reserved 1048576K
Event: 7740.745 GC heap after
Heap after GC invocations=82 (full 20):
 PSYoungGen      total 253440K, used 74098K [0x00000000eab00000, 0x0000000100000000, 0x0000000100000000)
  eden space 177664K, 0% used [0x00000000eab00000,0x00000000eab00000,0x00000000f5880000)
  from space 75776K, 97% used [0x00000000fac00000,0x00000000ff45cb80,0x00000000ff600000)
  to   space 85504K, 0% used [0x00000000f5880000,0x00000000f5880000,0x00000000fac00000)
 ParOldGen       total 204800K, used 162085K [0x00000000c0000000, 0x00000000cc800000, 0x00000000eab00000)
  object space 204800K, 79% used [0x00000000c0000000,0x00000000c9e494e8,0x00000000cc800000)
 Metaspace       used 195952K, capacity 205348K, committed 206120K, reserved 1224704K
  class space    used 26929K, capacity 30361K, committed 30760K, reserved 1048576K
}
Event: 7756.944 GC heap before
{Heap before GC invocations=83 (full 20):
 PSYoungGen      total 253440K, used 216215K [0x00000000eab00000, 0x0000000100000000, 0x0000000100000000)
  eden space 177664K, 79% used [0x00000000eab00000,0x00000000f35c9198,0x00000000f5880000)
  from space 75776K, 97% used [0x00000000fac00000,0x00000000ff45cb80,0x00000000ff600000)
  to   space 85504K, 0% used [0x00000000f5880000,0x00000000f5880000,0x00000000fac00000)
 ParOldGen       total 204800K, used 162085K [0x00000000c0000000, 0x00000000cc800000, 0x00000000eab00000)
  object space 204800K, 79% used [0x00000000c0000000,0x00000000c9e494e8,0x00000000cc800000)
 Metaspace       used 199219K, capacity 208672K, committed 209320K, reserved 1226752K
  class space    used 27427K, capacity 30876K, committed 31144K, reserved 1048576K
Event: 7757.017 GC heap after
Heap after GC invocations=83 (full 20):
 PSYoungGen      total 263168K, used 85493K [0x00000000eab00000, 0x0000000100000000, 0x0000000100000000)
  eden space 177664K, 0% used [0x00000000eab00000,0x00000000eab00000,0x00000000f5880000)
  from space 85504K, 99% used [0x00000000f5880000,0x00000000fabfd4f8,0x00000000fac00000)
  to   space 86016K, 0% used [0x00000000fac00000,0x00000000fac00000,0x0000000100000000)
 ParOldGen       total 204800K, used 165325K [0x00000000c0000000, 0x00000000cc800000, 0x00000000eab00000)
  object space 204800K, 80% used [0x00000000c0000000,0x00000000ca1737f8,0x00000000cc800000)
 Metaspace       used 199219K, capacity 208672K, committed 209320K, reserved 1226752K
  class space    used 27427K, capacity 30876K, committed 31144K, reserved 1048576K
}
Event: 7757.090 GC heap before
{Heap before GC invocations=84 (full 21):
 PSYoungGen      total 263168K, used 85493K [0x00000000eab00000, 0x0000000100000000, 0x0000000100000000)
  eden space 177664K, 0% used [0x00000000eab00000,0x00000000eab00000,0x00000000f5880000)
  from space 85504K, 99% used [0x00000000f5880000,0x00000000fabfd4f8,0x00000000fac00000)
  to   space 86016K, 0% used [0x00000000fac00000,0x00000000fac00000,0x0000000100000000)
 ParOldGen       total 204800K, used 165325K [0x00000000c0000000, 0x00000000cc800000, 0x00000000eab00000)
  object space 204800K, 80% used [0x00000000c0000000,0x00000000ca1737f8,0x00000000cc800000)
 Metaspace       used 199219K, capacity 208672K, committed 209320K, reserved 1226752K
  class space    used 27427K, capacity 30876K, committed 31144K, reserved 1048576K
Event: 7758.069 GC heap after
Heap after GC invocations=84 (full 21):
 PSYoungGen      total 263168K, used 24687K [0x00000000eab00000, 0x0000000100000000, 0x0000000100000000)
  eden space 177664K, 0% used [0x00000000eab00000,0x00000000eab00000,0x00000000f5880000)
  from space 85504K, 28% used [0x00000000f5880000,0x00000000f709bd40,0x00000000fac00000)
  to   space 86016K, 0% used [0x00000000fac00000,0x00000000fac00000,0x0000000100000000)
 ParOldGen       total 204800K, used 204743K [0x00000000c0000000, 0x00000000cc800000, 0x00000000eab00000)
  object space 204800K, 99% used [0x00000000c0000000,0x00000000cc7f1d58,0x00000000cc800000)
 Metaspace       used 197440K, capacity 206578K, committed 209320K, reserved 1226752K
  class space    used 27160K, capacity 30510K, committed 31144K, reserved 1048576K
}
Event: 8191.662 GC heap before
{Heap before GC invocations=85 (full 22):
 PSYoungGen      total 263168K, used 202351K [0x00000000eab00000, 0x0000000100000000, 0x0000000100000000)
  eden space 177664K, 100% used [0x00000000eab00000,0x00000000f5880000,0x00000000f5880000)
  from space 85504K, 28% used [0x00000000f5880000,0x00000000f709bd40,0x00000000fac00000)
  to   space 86016K, 0% used [0x00000000fac00000,0x00000000fac00000,0x0000000100000000)
 ParOldGen       total 204800K, used 204743K [0x00000000c0000000, 0x00000000cc800000, 0x00000000eab00000)
  object space 204800K, 99% used [0x00000000c0000000,0x00000000cc7f1d58,0x00000000cc800000)
 Metaspace       used 197862K, capacity 207496K, committed 209320K, reserved 1226752K
  class space    used 27245K, capacity 30801K, committed 31144K, reserved 1048576K

Deoptimization events (10 events):
Event: 8189.980 Thread 0x00007f7be001c800 Uncommon trap: reason=bimorphic action=maybe_recompile pc=0x00007f7c29d84d9c method=com.google.common.cache.LocalCache$Segment.getEntry(Ljava/lang/Object;I)Lcom/google/common/cache/LocalCache$ReferenceEntry; @ 62
Event: 8189.980 Thread 0x00007f7be001c800 Uncommon trap: reason=bimorphic action=maybe_recompile pc=0x00007f7c2988bd9c method=com.google.common.base.Equivalence$Equals.doEquivalent(Ljava/lang/Object;Ljava/lang/Object;)Z @ 2
Event: 8190.801 Thread 0x00007f7be001c800 Uncommon trap: reason=unstable_if action=reinterpret pc=0x00007f7c29ee3518 method=groovyjarjarantlr.CharQueue.append(C)V @ 9
Event: 8191.073 Thread 0x00007f7be001c800 Uncommon trap: reason=bimorphic action=maybe_recompile pc=0x00007f7c29616050 method=org.codehaus.groovy.control.ResolveVisitor.resolveToOuter(Lorg/codehaus/groovy/ast/ClassNode;)Z @ 1
Event: 8191.073 Thread 0x00007f7be001c800 Uncommon trap: reason=bimorphic action=maybe_recompile pc=0x00007f7c29616050 method=org.codehaus.groovy.control.ResolveVisitor.resolveToOuter(Lorg/codehaus/groovy/ast/ClassNode;)Z @ 1
Event: 8191.073 Thread 0x00007f7be001c800 Uncommon trap: reason=bimorphic action=maybe_recompile pc=0x00007f7c29616050 method=org.codehaus.groovy.control.ResolveVisitor.resolveToOuter(Lorg/codehaus/groovy/ast/ClassNode;)Z @ 1
Event: 8191.135 Thread 0x00007f7be001c800 Uncommon trap: reason=bimorphic action=maybe_recompile pc=0x00007f7c29616050 method=org.codehaus.groovy.control.ResolveVisitor.resolveToOuter(Lorg/codehaus/groovy/ast/ClassNode;)Z @ 1
Event: 8191.146 Thread 0x00007f7be001c800 Uncommon trap: reason=unstable_if action=reinterpret pc=0x00007f7c2a5995c0 method=groovyjarjarasm.asm.MethodWriter.a(Lgroovyjarjarasm/asm/ByteVector;)V @ 192
Event: 8191.408 Thread 0x00007f7be001c800 Uncommon trap: reason=unstable_if action=reinterpret pc=0x00007f7c29f3db9c method=groovy.lang.MetaClassImpl.chooseMethodInternal(Ljava/lang/String;Ljava/lang/Object;[Ljava/lang/Class;)Ljava/lang/Object; @ 72
Event: 8191.605 Thread 0x00007f7be001c800 Uncommon trap: reason=unstable_if action=reinterpret pc=0x00007f7c2acdbfec method=org.codehaus.groovy.antlr.parser.GroovyLexer.mNLS(Z)V @ 188

Internal exceptions (10 events):
Event: 8190.764 Thread 0x00007f7be001c800 Exception <a 'java/lang/ClassNotFoundException': asLocalRepo2204026638307786871_aoss1e8q3o6wao4nqidwy2rrjCustomizer> (0x00000000ecef4868) thrown at [/RE-WORK/workspace/8-2-build-linux-amd64/jdk8u45/3457/hotspot/src/share/vm/classfile/systemDictionary.cpp,
Event: 8191.194 Thread 0x00007f7be001c800 Exception <a 'java/lang/ClassNotFoundException': ijinit8154446632239190452_2c384tzclwg8g7bvp9ilr1533BeanInfo> (0x00000000f330cd98) thrown at [/RE-WORK/workspace/8-2-build-linux-amd64/jdk8u45/3457/hotspot/src/share/vm/classfile/systemDictionary.cpp, line 2
Event: 8191.194 Thread 0x00007f7be001c800 Exception <a 'java/lang/ClassNotFoundException': ijinit8154446632239190452_2c384tzclwg8g7bvp9ilr1533Customizer> (0x00000000f33176d8) thrown at [/RE-WORK/workspace/8-2-build-linux-amd64/jdk8u45/3457/hotspot/src/share/vm/classfile/systemDictionary.cpp, line
Event: 8191.196 Thread 0x00007f7be001c800 Exception <a 'java/lang/ClassNotFoundException': groovy/runtime/metaclass/[Ljava/lang/String;MetaClass> (0x00000000f33595f8) thrown at [/RE-WORK/workspace/8-2-build-linux-amd64/jdk8u45/3457/hotspot/src/share/vm/prims/jni.cpp, line 735]
Event: 8191.348 Thread 0x00007f7be001c800 Exception <a 'java/lang/ClassNotFoundException': settings_bicx82nrnoonjcb0vmcmyysntBeanInfo> (0x00000000f36c1848) thrown at [/RE-WORK/workspace/8-2-build-linux-amd64/jdk8u45/3457/hotspot/src/share/vm/classfile/systemDictionary.cpp, line 210]
Event: 8191.348 Thread 0x00007f7be001c800 Exception <a 'java/lang/ClassNotFoundException': settings_bicx82nrnoonjcb0vmcmyysntCustomizer> (0x00000000f36c9680) thrown at [/RE-WORK/workspace/8-2-build-linux-amd64/jdk8u45/3457/hotspot/src/share/vm/classfile/systemDictionary.cpp, line 210]
Event: 8191.465 Thread 0x00007f7be001c800 Exception <a 'java/lang/ClassNotFoundException': JetGradlePluginBeanInfo> (0x00000000f457f4d8) thrown at [/RE-WORK/workspace/8-2-build-linux-amd64/jdk8u45/3457/hotspot/src/share/vm/classfile/systemDictionary.cpp, line 210]
Event: 8191.465 Thread 0x00007f7be001c800 Exception <a 'java/lang/ClassNotFoundException': JetGradlePluginCustomizer> (0x00000000f4586200) thrown at [/RE-WORK/workspace/8-2-build-linux-amd64/jdk8u45/3457/hotspot/src/share/vm/classfile/systemDictionary.cpp, line 210]
Event: 8191.467 Thread 0x00007f7be001c800 Exception <a 'java/lang/ClassNotFoundException': org/jetbrains/plugins/gradle/tooling/internal/ExtraModelBuilderBeanInfo> (0x00000000f45b5108) thrown at [/RE-WORK/workspace/8-2-build-linux-amd64/jdk8u45/3457/hotspot/src/share/vm/classfile/systemDictionary
Event: 8191.467 Thread 0x00007f7be001c800 Exception <a 'java/lang/ClassNotFoundException': org/jetbrains/plugins/gradle/tooling/internal/ExtraModelBuilderCustomizer> (0x00000000f45c1580) thrown at [/RE-WORK/workspace/8-2-build-linux-amd64/jdk8u45/3457/hotspot/src/share/vm/classfile/systemDictiona

Events (10 events):
Event: 8191.661 loading class java/io/org/gradle/api/initialization/org$gradle$api$internal$project$ProjectScript done
Event: 8191.661 loading class java/net/org/gradle/api/initialization/org$gradle$api$internal$project$ProjectScript
Event: 8191.661 loading class java/net/org/gradle/api/initialization/org$gradle$api$internal$project$ProjectScript done
Event: 8191.661 loading class java/util/org/gradle/api/initialization/org$gradle$api$internal$project$ProjectScript
Event: 8191.661 loading class java/util/org/gradle/api/initialization/org$gradle$api$internal$project$ProjectScript done
Event: 8191.661 loading class groovy/lang/org/gradle/api/initialization/org$gradle$api$internal$project$ProjectScript
Event: 8191.661 loading class groovy/lang/org/gradle/api/initialization/org$gradle$api$internal$project$ProjectScript done
Event: 8191.662 loading class groovy/lang/org/gradle/api/initialization/org$gradle$api$internal$project$ProjectScript
Event: 8191.662 loading class groovy/lang/org/gradle/api/initialization/org$gradle$api$internal$project$ProjectScript done
Event: 8191.662 Executing VM operation: ParallelGCFailedAllocation


Dynamic libraries:
00400000-00401000 r-xp 00000000 08:04 7480699                            /usr/lib/jvm/java-8-oracle/bin/java
00600000-00601000 rw-p 00000000 08:04 7480699                            /usr/lib/jvm/java-8-oracle/bin/java
01050000-011e9000 rw-p 00000000 00:00 0                                  [heap]
c0000000-cc800000 rw-p 00000000 00:00 0 
d5d00000-eab00000 ---p 00000000 00:00 0 
eab00000-100000000 rw-p 00000000 00:00 0 
100000000-101e6a000 rw-p 00000000 00:00 0 
101e6a000-140000000 ---p 00000000 00:00 0 
7f7ba0000000-7f7ba0200000 rw-p 00000000 00:00 0 
7f7ba0200000-7f7ba0400000 rw-p 00000000 00:00 0 
7f7ba0400000-7f7ba0600000 rw-p 00000000 00:00 0 
7f7ba0600000-7f7ba0800000 rw-p 00000000 00:00 0 
7f7ba0800000-7f7ba0a00000 rw-p 00000000 00:00 0 
7f7ba0a00000-7f7ba0c00000 rw-p 00000000 00:00 0 
7f7ba0c00000-7f7ba0e00000 rw-p 00000000 00:00 0 
7f7ba0e00000-7f7ba1000000 rw-p 00000000 00:00 0 
7f7ba1000000-7f7ba1200000 rw-p 00000000 00:00 0 
7f7ba1200000-7f7ba1400000 rw-p 00000000 00:00 0 
7f7ba1400000-7f7ba1600000 rw-p 00000000 00:00 0 
7f7ba1600000-7f7ba1800000 rw-p 00000000 00:00 0 
7f7ba1800000-7f7ba1a00000 rw-p 00000000 00:00 0 
7f7ba1a00000-7f7ba1c00000 rw-p 00000000 00:00 0 
7f7ba1c00000-7f7ba1e00000 rw-p 00000000 00:00 0 
7f7ba1e00000-7f7ba2000000 rw-p 00000000 00:00 0 
7f7ba2000000-7f7ba2200000 rw-p 00000000 00:00 0 
7f7ba2200000-7f7ba2400000 rw-p 00000000 00:00 0 
7f7ba2400000-7f7ba2600000 rw-p 00000000 00:00 0 
7f7ba2600000-7f7ba2800000 rw-p 00000000 00:00 0 
7f7ba2800000-7f7ba2a00000 rw-p 00000000 00:00 0 
7f7ba2a00000-7f7ba2c00000 rw-p 00000000 00:00 0 
7f7ba2c00000-7f7ba2e00000 rw-p 00000000 00:00 0 
7f7ba2e00000-7f7ba3000000 rw-p 00000000 00:00 0 
7f7ba3000000-7f7ba3200000 rw-p 00000000 00:00 0 
7f7ba3200000-7f7ba3400000 rw-p 00000000 00:00 0 
7f7ba3400000-7f7ba3600000 rw-p 00000000 00:00 0 
7f7ba3600000-7f7ba3800000 rw-p 00000000 00:00 0 
7f7ba3800000-7f7ba3a00000 rw-p 00000000 00:00 0 
7f7ba3a00000-7f7ba3c00000 rw-p 00000000 00:00 0 
7f7ba3c00000-7f7ba3e00000 rw-p 00000000 00:00 0 
7f7ba3e00000-7f7ba4000000 rw-p 00000000 00:00 0 
7f7ba4000000-7f7ba4200000 rw-p 00000000 00:00 0 
7f7ba4200000-7f7ba4600000 rw-p 00000000 00:00 0 
7f7ba4600000-7f7ba4800000 rw-p 00000000 00:00 0 
7f7ba4800000-7f7ba4a00000 rw-p 00000000 00:00 0 
7f7ba4a00000-7f7ba4c00000 rw-p 00000000 00:00 0 
7f7ba4c00000-7f7ba4e00000 rw-p 00000000 00:00 0 
7f7ba4e00000-7f7ba5000000 rw-p 00000000 00:00 0 
7f7ba5000000-7f7ba5200000 rw-p 00000000 00:00 0 
7f7ba5200000-7f7ba5400000 rw-p 00000000 00:00 0 
7f7ba5400000-7f7ba5600000 rw-p 00000000 00:00 0 
7f7ba5600000-7f7ba5a00000 rw-p 00000000 00:00 0 
7f7ba5a00000-7f7ba5c00000 rw-p 00000000 00:00 0 
7f7ba5c00000-7f7ba5e00000 rw-p 00000000 00:00 0 
7f7ba5e00000-7f7ba6000000 rw-p 00000000 00:00 0 
7f7ba6000000-7f7ba6200000 rw-p 00000000 00:00 0 
7f7ba6200000-7f7ba6400000 rw-p 00000000 00:00 0 
7f7ba6400000-7f7ba6600000 rw-p 00000000 00:00 0 
7f7ba6600000-7f7ba6800000 rw-p 00000000 00:00 0 
7f7ba6800000-7f7ba6a00000 rw-p 00000000 00:00 0 
7f7ba6a00000-7f7ba6c00000 rw-p 00000000 00:00 0 
7f7ba6c00000-7f7ba6e00000 rw-p 00000000 00:00 0 
7f7ba6e00000-7f7ba7000000 rw-p 00000000 00:00 0 
7f7ba7000000-7f7ba7200000 rw-p 00000000 00:00 0 
7f7ba7200000-7f7ba7400000 rw-p 00000000 00:00 0 
7f7ba7400000-7f7ba7600000 rw-p 00000000 00:00 0 
7f7ba7600000-7f7ba7800000 rw-p 00000000 00:00 0 
7f7ba7800000-7f7ba7a00000 rw-p 00000000 00:00 0 
7f7ba7a00000-7f7ba7c00000 rw-p 00000000 00:00 0 
7f7ba7c00000-7f7ba7e00000 rw-p 00000000 00:00 0 
7f7ba7e00000-7f7ba8000000 rw-p 00000000 00:00 0 
7f7ba8000000-7f7ba8021000 rw-p 00000000 00:00 0 
7f7ba8021000-7f7bac000000 ---p 00000000 00:00 0 
7f7bac000000-7f7bac021000 rw-p 00000000 00:00 0 
7f7bac021000-7f7bb0000000 ---p 00000000 00:00 0 
7f7bb0000000-7f7bb0021000 rw-p 00000000 00:00 0 
7f7bb0021000-7f7bb4000000 ---p 00000000 00:00 0 
7f7bb4000000-7f7bb4021000 rw-p 00000000 00:00 0 
7f7bb4021000-7f7bb8000000 ---p 00000000 00:00 0 
7f7bb8000000-7f7bb87c3000 rw-p 00000000 00:00 0 
7f7bb87c3000-7f7bbc000000 ---p 00000000 00:00 0 
7f7bbc000000-7f7bbc021000 rw-p 00000000 00:00 0 
7f7bbc021000-7f7bc0000000 ---p 00000000 00:00 0 
7f7bc0000000-7f7bc0024000 rw-p 00000000 00:00 0 
7f7bc0024000-7f7bc4000000 ---p 00000000 00:00 0 
7f7bc4000000-7f7bc4021000 rw-p 00000000 00:00 0 
7f7bc4021000-7f7bc8000000 ---p 00000000 00:00 0 
7f7bc8000000-7f7bc8021000 rw-p 00000000 00:00 0 
7f7bc8021000-7f7bcc000000 ---p 00000000 00:00 0 
7f7bcc000000-7f7bcc8c9000 rw-p 00000000 00:00 0 
7f7bcc8c9000-7f7bd0000000 ---p 00000000 00:00 0 
7f7bd0000000-7f7bd0445000 rw-p 00000000 00:00 0 
7f7bd0445000-7f7bd4000000 ---p 00000000 00:00 0 
7f7bd4000000-7f7bd4eee000 rw-p 00000000 00:00 0 
7f7bd4eee000-7f7bd8000000 ---p 00000000 00:00 0 
7f7bd8000000-7f7bd80da000 rw-p 00000000 00:00 0 
7f7bd80da000-7f7bdc000000 ---p 00000000 00:00 0 
7f7bdc000000-7f7bdd87f000 rw-p 00000000 00:00 0 
7f7bdd87f000-7f7be0000000 ---p 00000000 00:00 0 
7f7be0000000-7f7be0076000 rw-p 00000000 00:00 0 
7f7be0076000-7f7be4000000 ---p 00000000 00:00 0 
7f7be4000000-7f7be4a7b000 rw-p 00000000 00:00 0 
7f7be4a7b000-7f7be8000000 ---p 00000000 00:00 0 
7f7be8000000-7f7be802b000 rw-p 00000000 00:00 0 
7f7be802b000-7f7bec000000 ---p 00000000 00:00 0 
7f7bec000000-7f7bec021000 rw-p 00000000 00:00 0 
7f7bec021000-7f7bf0000000 ---p 00000000 00:00 0 
7f7bf0043000-7f7bf00fd000 r--s 00fb6000 08:04 1577243                    /home/maxik/.gradle/caches/jars-1/4ubxvm6cvkptn01nmlhp3vxjv7388k/openapi.jar
7f7bf00fd000-7f7bf0125000 r--s 001cf000 08:04 1577237                    /home/maxik/.gradle/caches/jars-1/87eo0lrvp84r6dbxjq018wy66es2era/guava-jdk5-17.0.jar
7f7bf0125000-7f7bf0178000 r--s 0039e000 08:04 6034929                    /home/maxik/.gradle/caches/modules-2/files-2.1/org.parceler/parceler/0.2.13/ea3579621a7fe7083e7f7bb8be0d90c8751acbf9/parceler-0.2.13.jar
7f7bf0178000-7f7bf0378000 rw-p 00000000 00:00 0 
7f7bf0378000-7f7bf0578000 rw-p 00000000 00:00 0 
7f7bf0578000-7f7bf057b000 ---p 00000000 00:00 0 
7f7bf057b000-7f7bf0679000 rw-p 00000000 00:00 0 
7f7bf0679000-7f7bf067c000 ---p 00000000 00:00 0 
7f7bf067c000-7f7bf077a000 rw-p 00000000 00:00 0 
7f7bf077a000-7f7bf077d000 ---p 00000000 00:00 0 
7f7bf077d000-7f7bf087b000 rw-p 00000000 00:00 0 
7f7bf087b000-7f7bf087e000 ---p 00000000 00:00 0 
7f7bf087e000-7f7bf097c000 rw-p 00000000 00:00 0 
7f7bf097c000-7f7bf097f000 ---p 00000000 00:00 0 
7f7bf097f000-7f7bf0a7d000 rw-p 00000000 00:00 0 
7f7bf0a7d000-7f7bf0a80000 ---p 00000000 00:00 0 
7f7bf0a80000-7f7bf0b7e000 rw-p 00000000 00:00 0 
7f7bf0b7e000-7f7bf0b81000 ---p 00000000 00:00 0 
7f7bf0b81000-7f7bf0c7f000 rw-p 00000000 00:00 0 
7f7bf0c7f000-7f7bf0c82000 ---p 00000000 00:00 0 
7f7bf0c82000-7f7bf0d80000 rw-p 00000000 00:00 0 
7f7bf0d80000-7f7bf0d83000 ---p 00000000 00:00 0 
7f7bf0d83000-7f7bf0e81000 rw-p 00000000 00:00 0 
7f7bf0e81000-7f7bf0e84000 ---p 00000000 00:00 0 
7f7bf0e84000-7f7bf0f82000 rw-p 00000000 00:00 0 
7f7bf0f82000-7f7bf0f85000 ---p 00000000 00:00 0 
7f7bf0f85000-7f7bf1283000 rw-p 00000000 00:00 0 
7f7bf1284000-7f7bf1285000 rw-p 00000000 00:00 0 
7f7bf1285000-7f7bf1287000 r--s 00005000 08:04 1839793                    /home/maxik/android-studio/plugins/gradle/lib/gradle-tooling-extension-api.jar
7f7bf1287000-7f7bf1288000 r--s 00000000 08:04 1577245                    /home/maxik/.gradle/caches/jars-1/dg22azhabc6tsc1i8xni15giz1bnssh/gradle-appengine-builder-model-0.1.0.jar
7f7bf1288000-7f7bf128a000 r--s 00004000 08:04 1577247                    /home/maxik/.gradle/caches/jars-1/qtven7mi8z3hsfxxq8clnrju24s99pt/builder-model-1.1.0-rc1.jar
7f7bf128a000-7f7bf1293000 r--s 0002c000 08:04 1577235                    /home/maxik/.gradle/caches/jars-1/ltkluv74baem3ersp41z8rutm6he5v5/gradle-tooling-api-2.2.jar
7f7bf1293000-7f7bf1295000 r--s 0001b000 08:04 1839782                    /home/maxik/android-studio/plugins/gradle/lib/gradle-tooling-extension-impl.jar
7f7bf1295000-7f7bf1297000 r--s 00005000 08:04 1577241                    /home/maxik/.gradle/caches/jars-1/bhwj5r0qcaq4pqpfen2765w10ydne55/gradle-tooling-extension-api.jar
7f7bf1297000-7f7bf129d000 r--s 00026000 08:04 1577239                    /home/maxik/.gradle/caches/jars-1/qlb402qqdb9mu9614i3hr843cfch7zw/gradle-base-services-2.2.jar
7f7bf129d000-7f7bf129e000 r--s 00002000 08:04 2498767                    /home/maxik/Android/Sdk/extras/android/m2repository/com/android/support/support-annotations/22.1.1/support-annotations-22.1.1.jar
7f7bf129e000-7f7bf12b0000 r--s 000c6000 08:04 3941198                    /home/maxik/projects/android/MyAuth/app/build/intermediates/exploded-aar/com.android.support/support-v4/22.1.1/classes.jar
7f7bf12b0000-7f7bf12b5000 r--s 0002f000 08:04 6034911                    /home/maxik/.gradle/caches/modules-2/files-2.1/com.google.code.gson/gson/2.3.1/ecb6e1f8e4b0e84c4b886c2f14a1500caf309757/gson-2.3.1.jar
7f7bf12b5000-7f7bf12bd000 r--s 00036000 08:04 3941200                    /home/maxik/projects/android/MyAuth/app/build/intermediates/exploded-aar/com.android.support/support-v4/22.1.1/libs/internal_impl-22.1.1.jar
7f7bf12bd000-7f7bf12bf000 r--s 00006000 08:04 6034909                    /home/maxik/.gradle/caches/modules-2/files-2.1/com.squareup.okhttp/okhttp-urlconnection/2.0.0/afe8399d352713b66e597e9670c741d1e60ae923/okhttp-urlconnection-2.0.0.jar
7f7bf12bf000-7f7bf12c1000 r--s 0000b000 08:04 6034930                    /home/maxik/.gradle/caches/modules-2/files-2.1/org.parceler/parceler-api/0.2.13/3bdd7267446c60215c6165a8129cc572ad407660/parceler-api-0.2.13.jar
7f7bf12c1000-7f7bf12c2000 r--s 0000c000 08:04 6034912                    /home/maxik/.gradle/caches/modules-2/files-2.1/com.squareup.okio/okio/1.0.0/2534c458682c73f5b9871131ab3098d3f987ca3/okio-1.0.0.jar
7f7bf12c2000-7f7bf12c6000 r--s 0003c000 08:04 6034910                    /home/maxik/.gradle/caches/modules-2/files-2.1/com.squareup.okhttp/okhttp/2.0.0/4c8d1536dba3812cc1592090dc20c47a4ed3c35e/okhttp-2.0.0.jar
7f7bf12c6000-7f7bf12ca000 r--s 0001a000 08:04 6034908                    /home/maxik/.gradle/caches/modules-2/files-2.1/com.squareup.retrofit/retrofit/1.9.0/a681c044244d9fc375198588297a39ba78028423/retrofit-1.9.0.jar
7f7bf12ca000-7f7bf12d3000 r--s 00082000 08:04 3940706                    /home/maxik/projects/android/MyAuth/app/build/intermediates/exploded-aar/com.android.support/appcompat-v7/22.1.1/classes.jar
7f7bf12d3000-7f7bf12d6000 ---p 00000000 00:00 0 
7f7bf12d6000-7f7bf150c000 rw-p 00000000 00:00 0 
7f7bf150c000-7f7bf170c000 rw-p 00000000 00:00 0 
7f7bf170c000-7f7bf171f000 r--s 00344000 08:04 7219021                    /usr/lib/jvm/java-8-oracle/jre/lib/resources.jar
7f7bf171f000-7f7bf191f000 rw-p 00000000 00:00 0 
7f7bf191f000-7f7bf1b1f000 rw-p 00000000 00:00 0 
7f7bf1b1f000-7f7bf1d1f000 rw-p 00000000 00:00 0 
7f7bf1d1f000-7f7bf1f1f000 rw-p 00000000 00:00 0 
7f7bf1f1f000-7f7bf211f000 rw-p 00000000 00:00 0 
7f7bf211f000-7f7bf2121000 r--s 0000d000 08:04 1839664                    /home/maxik/android-studio/gradle/m2repository/commons-codec/commons-codec/1.4/commons-codec-1.4.jar
7f7bf2121000-7f7bf2123000 r--s 0000d000 08:04 1839323                    /home/maxik/android-studio/gradle/m2repository/commons-logging/commons-logging/1.1.1/commons-logging-1.1.1.jar
7f7bf2123000-7f7bf2128000 r--s 00028000 08:04 1839362                    /home/maxik/android-studio/gradle/m2repository/org/apache/httpcomponents/httpcore/4.1/httpcore-4.1.jar
7f7bf2128000-7f7bf2130000 r--s 000a8000 08:04 1839516                    /home/maxik/android-studio/gradle/m2repository/com/android/tools/external/lombok/lombok-ast/0.2.3/lombok-ast-0.2.3.jar
7f7bf2130000-7f7bf215b000 r--s 001f9000 08:04 1839477                    /home/maxik/android-studio/gradle/m2repository/com/google/guava/guava/17.0/guava-17.0.jar
7f7bf215b000-7f7bf2162000 r--s 00053000 08:04 1839379                    /home/maxik/android-studio/gradle/m2repository/org/apache/commons/commons-compress/1.8.1/commons-compress-1.8.1.jar
7f7bf2162000-7f7bf2165000 r--s 00012000 08:04 1839533                    /home/maxik/android-studio/gradle/m2repository/com/android/tools/layoutlib/layoutlib-api/24.1.0/layoutlib-api-24.1.0.jar
7f7bf2165000-7f7bf2167000 r--s 00005000 08:04 1839355                    /home/maxik/android-studio/gradle/m2repository/org/apache/httpcomponents/httpmime/4.1/httpmime-4.1.jar
7f7bf2167000-7f7bf216f000 r--s 0004e000 08:04 1839371                    /home/maxik/android-studio/gradle/m2repository/org/apache/httpcomponents/httpclient/4.1.1/httpclient-4.1.1.jar
7f7bf216f000-7f7bf2170000 r--s 00005000 08:04 1839550                    /home/maxik/android-studio/gradle/m2repository/com/android/tools/dvlib/24.1.0/dvlib-24.1.0.jar
7f7bf2170000-7f7bf2171000 r--s 0000a000 08:04 1839660                    /home/maxik/android-studio/gradle/m2repository/net/sf/kxml/kxml2/2.3.0/kxml2-2.3.0.jar
7f7bf2171000-7f7bf2172000 r--s 00001000 08:04 1839528                    /home/maxik/android-studio/gradle/m2repository/com/android/tools/annotations/24.1.0/annotations-24.1.0.jar
7f7bf2172000-7f7bf2177000 r--s 0002a000 08:04 1839470                    /home/maxik/android-studio/gradle/m2repository/com/google/code/gson/gson/2.2.4/gson-2.2.4.jar
7f7bf2177000-7f7bf217a000 r--s 0002b000 08:04 1839505                    /home/maxik/android-studio/gradle/m2repository/com/android/tools/lint/lint-api/24.1.0/lint-api-24.1.0.jar
7f7bf217a000-7f7bf217b000 r--s 00004000 08:04 1839420                    /home/maxik/android-studio/gradle/m2repository/org/ow2/asm/asm-analysis/5.0.3/asm-analysis-5.0.3.jar
7f7bf217b000-7f7bf2189000 r--s 00081000 08:04 1839397                    /home/maxik/android-studio/gradle/m2repository/org/bouncycastle/bcpkix-jdk15on/1.48/bcpkix-jdk15on-1.48.jar
7f7bf2189000-7f7bf21bc000 r--s 00203000 08:04 1839403                    /home/maxik/android-studio/gradle/m2repository/org/bouncycastle/bcprov-jdk15on/1.48/bcprov-jdk15on-1.48.jar
7f7bf21bc000-7f7bf23bc000 rw-p 00000000 00:00 0 
7f7bf23bc000-7f7bf25bc000 rw-p 00000000 00:00 0 
7f7bf25bc000-7f7bf25bf000 ---p 00000000 00:00 0 
7f7bf25bf000-7f7bf28bd000 rw-p 00000000 00:00 0                          [stack:5211]
7f7bf28bd000-7f7bf2abd000 rw-p 00000000 00:00 0 
7f7bf2abd000-7f7bf2cbd000 rw-p 00000000 00:00 0 
7f7bf2cbd000-7f7bf2ebd000 rw-p 00000000 00:00 0 
7f7bf2ebd000-7f7bf30bd000 rw-p 00000000 00:00 0 
7f7bf30bd000-7f7bf32bd000 rw-p 00000000 00:00 0 
7f7bf32bd000-7f7bf32c0000 ---p 00000000 00:00 0 
7f7bf32c0000-7f7bf33be000 rw-p 00000000 00:00 0                          [stack:11802]
7f7bf33be000-7f7bf33c1000 ---p 00000000 00:00 0 
7f7bf33c1000-7f7bf34bf000 rw-p 00000000 00:00 0                          [stack:11797]
7f7bf34bf000-7f7bf34c2000 ---p 00000000 00:00 0 
7f7bf34c2000-7f7bf37c0000 rw-p 00000000 00:00 0                          [stack:11799]
7f7bf37c0000-7f7bf37c3000 ---p 00000000 00:00 0 
7f7bf37c3000-7f7bf38c1000 rw-p 00000000 00:00 0                          [stack:11798]
7f7bf38c1000-7f7bf38c4000 ---p 00000000 00:00 0 
7f7bf38c4000-7f7bf39c2000 rw-p 00000000 00:00 0                          [stack:11796]
7f7bf39c2000-7f7bf39d3000 r-xp 00000000 08:04 7349540                    /usr/lib/jvm/java-8-oracle/jre/lib/amd64/libnio.so
7f7bf39d3000-7f7bf3bd2000 ---p 00011000 08:04 7349540                    /usr/lib/jvm/java-8-oracle/jre/lib/amd64/libnio.so
7f7bf3bd2000-7f7bf3bd3000 rw-p 00010000 08:04 7349540                    /usr/lib/jvm/java-8-oracle/jre/lib/amd64/libnio.so
7f7bf3bd3000-7f7bf3be9000 r-xp 00000000 08:04 7349513                    /usr/lib/jvm/java-8-oracle/jre/lib/amd64/libnet.so
7f7bf3be9000-7f7bf3de9000 ---p 00016000 08:04 7349513                    /usr/lib/jvm/java-8-oracle/jre/lib/amd64/libnet.so
7f7bf3de9000-7f7bf3dea000 rw-p 00016000 08:04 7349513                    /usr/lib/jvm/java-8-oracle/jre/lib/amd64/libnet.so
7f7bf3dea000-7f7bf3e00000 r-xp 00000000 08:04 5377926                    /lib/x86_64-linux-gnu/libgcc_s.so.1
7f7bf3e00000-7f7bf3fff000 ---p 00016000 08:04 5377926                    /lib/x86_64-linux-gnu/libgcc_s.so.1
7f7bf3fff000-7f7bf4000000 rw-p 00015000 08:04 5377926                    /lib/x86_64-linux-gnu/libgcc_s.so.1
7f7bf4000000-7f7bf4f8f000 rw-p 00000000 00:00 0 
7f7bf4f8f000-7f7bf8000000 ---p 00000000 00:00 0 
7f7bf8000000-7f7bf8021000 rw-p 00000000 00:00 0 
7f7bf8021000-7f7bfc000000 ---p 00000000 00:00 0 
7f7bfc000000-7f7bfe3bd000 rw-p 00000000 00:00 0 
7f7bfe3bd000-7f7c00000000 ---p 00000000 00:00 0 
7f7c00000000-7f7c01e7e000 rw-p 00000000 00:00 0 
7f7c01e7e000-7f7c04000000 ---p 00000000 00:00 0 
7f7c04000000-7f7c04021000 rw-p 00000000 00:00 0 
7f7c04021000-7f7c08000000 ---p 00000000 00:00 0 
7f7c08000000-7f7c08021000 rw-p 00000000 00:00 0 
7f7c08021000-7f7c0c000000 ---p 00000000 00:00 0 
7f7c0c000000-7f7c0c3f5000 rw-p 00000000 00:00 0 
7f7c0c3f5000-7f7c10000000 ---p 00000000 00:00 0 
7f7c10000000-7f7c10021000 rw-p 00000000 00:00 0 
7f7c10021000-7f7c14000000 ---p 00000000 00:00 0 
7f7c14000000-7f7c14024000 rw-p 00000000 00:00 0 
7f7c14024000-7f7c18000000 ---p 00000000 00:00 0 
7f7c18000000-7f7c18023000 rw-p 00000000 00:00 0 
7f7c18023000-7f7c1c000000 ---p 00000000 00:00 0 
7f7c1c000000-7f7c1c025000 rw-p 00000000 00:00 0 
7f7c1c025000-7f7c20000000 ---p 00000000 00:00 0 
7f7c20000000-7f7c20001000 r--s 0000c000 08:04 1839432                    /home/maxik/android-studio/gradle/m2repository/org/ow2/asm/asm/5.0.3/asm-5.0.3.jar
7f7c20001000-7f7c20003000 r--s 00012000 08:04 1839559                    /home/maxik/android-studio/gradle/m2repository/com/android/tools/common/24.1.0/common-24.1.0.jar
7f7c20003000-7f7c2000c000 r--s 000a9000 08:04 1839631                    /home/maxik/android-studio/gradle/m2repository/com/android/tools/sdklib/24.1.0/sdklib-24.1.0.jar
7f7c2000c000-7f7c2000e000 r--s 00002000 08:04 1839459                    /home/maxik/android-studio/gradle/m2repository/com/squareup/javawriter/2.5.0/javawriter-2.5.0.jar
7f7c2000e000-7f7c20013000 r--s 00042000 08:04 1839569                    /home/maxik/android-studio/gradle/m2repository/com/android/tools/ddms/ddmlib/24.1.0/ddmlib-24.1.0.jar
7f7c20013000-7f7c20015000 r--s 00006000 08:04 1839444                    /home/maxik/android-studio/gradle/m2repository/org/ow2/asm/asm-tree/5.0.3/asm-tree-5.0.3.jar
7f7c20015000-7f7c20019000 r--s 00029000 08:04 1839622                    /home/maxik/android-studio/gradle/m2repository/com/android/tools/build/manifest-merger/24.1.0/manifest-merger-24.1.0.jar
7f7c20019000-7f7c2001b000 r--s 00004000 08:04 1839590                    /home/maxik/android-studio/gradle/m2repository/com/android/tools/build/builder-model/1.1.0/builder-model-1.1.0.jar
7f7c2001b000-7f7c20022000 r--s 0005e000 08:04 1839542                    /home/maxik/android-studio/gradle/m2repository/com/android/tools/sdk-common/24.1.0/sdk-common-24.1.0.jar
7f7c20022000-7f7c20032000 r--s 000d3000 08:04 1839642                    /home/maxik/android-studio/gradle/m2repository/net/sf/proguard/proguard-base/5.1/proguard-base-5.1.jar
7f7c20032000-7f7c20037000 r--s 00091000 08:04 1839495                    /home/maxik/android-studio/gradle/m2repository/com/android/tools/lint/lint-checks/24.1.0/lint-checks-24.1.0.jar
7f7c20037000-7f7c20049000 r--s 00220000 08:04 1839339                    /home/maxik/android-studio/gradle/m2repository/org/eclipse/jdt/core/compiler/ecj/4.4/ecj-4.4.jar
7f7c20049000-7f7c2004e000 r--s 00034000 08:04 1839580                    /home/maxik/android-studio/gradle/m2repository/com/android/tools/build/builder/1.1.0/builder-1.1.0.jar
7f7c2004e000-7f7c20051000 ---p 00000000 00:00 0 
7f7c20051000-7f7c20087000 rw-p 00000000 00:00 0 
7f7c20087000-7f7c20100000 r--s 010e7000 08:04 7481081                    /usr/lib/jvm/java-8-oracle/lib/tools.jar
7f7c20100000-7f7c20103000 ---p 00000000 00:00 0 
7f7c20103000-7f7c20201000 rw-p 00000000 00:00 0                          [stack:5199]
7f7c20201000-7f7c202e7000 r-xp 00000000 08:04 7087429                    /usr/lib/x86_64-linux-gnu/libstdc++.so.6.0.19
7f7c202e7000-7f7c204e6000 ---p 000e6000 08:04 7087429                    /usr/lib/x86_64-linux-gnu/libstdc++.so.6.0.19
7f7c204e6000-7f7c204ee000 r--p 000e5000 08:04 7087429                    /usr/lib/x86_64-linux-gnu/libstdc++.so.6.0.19
7f7c204ee000-7f7c204f0000 rw-p 000ed000 08:04 7087429                    /usr/lib/x86_64-linux-gnu/libstdc++.so.6.0.19
7f7c204f0000-7f7c20505000 rw-p 00000000 00:00 0 
7f7c20505000-7f7c20506000 r--s 00002000 08:04 1839598                    /home/maxik/android-studio/gradle/m2repository/com/android/tools/build/builder-test-api/1.1.0/builder-test-api-1.1.0.jar
7f7c20506000-7f7c20507000 r--s 00002000 08:04 1839647                    /home/maxik/android-studio/gradle/m2repository/net/sf/proguard/proguard-gradle/5.1/proguard-gradle-5.1.jar
7f7c20507000-7f7c20509000 r--s 0001a000 08:04 1839486                    /home/maxik/android-studio/gradle/m2repository/com/android/tools/lint/lint/24.1.0/lint-24.1.0.jar
7f7c20509000-7f7c2051a000 r--s 00140000 08:04 1839615                    /home/maxik/android-studio/gradle/m2repository/com/android/tools/build/gradle-core/1.1.0/gradle-core-1.1.0.jar
7f7c2051a000-7f7c2051b000 r--s 00009000 08:04 1839608                    /home/maxik/android-studio/gradle/m2repository/com/android/tools/build/gradle/1.1.0/gradle-1.1.0.jar
7f7c2051b000-7f7c2051c000 r--p 00000000 00:00 0 
7f7c2051c000-7f7c20523000 r--s 00000000 08:04 7346901                    /usr/lib/x86_64-linux-gnu/gconv/gconv-modules.cache
7f7c20523000-7f7c20527000 r-xp 00000000 08:04 6029434                    /tmp/native-platform7901307986252670799dir/libnative-platform.so
7f7c20527000-7f7c20726000 ---p 00004000 08:04 6029434                    /tmp/native-platform7901307986252670799dir/libnative-platform.so
7f7c20726000-7f7c20727000 rw-p 00003000 08:04 6029434                    /tmp/native-platform7901307986252670799dir/libnative-platform.so
7f7c20727000-7f7c2072c000 r--s 00094000 08:04 7217745                    /usr/lib/jvm/java-8-oracle/jre/lib/jsse.jar
7f7c2072c000-7f7c2072d000 r--s 00001000 08:04 3540121                    /home/maxik/.gradle/wrapper/dists/gradle-2.2.1-all/c64ydeuardnfqctvr1gm30w53/gradle-2.2.1/lib/plugins/gradle-plugin-development-2.2.1.jar
7f7c2072d000-7f7c2072f000 r--s 00002000 08:04 3540120                    /home/maxik/.gradle/wrapper/dists/gradle-2.2.1-all/c64ydeuardnfqctvr1gm30w53/gradle-2.2.1/lib/plugins/gradle-cunit-2.2.1.jar
7f7c2072f000-7f7c20734000 r--s 00036000 08:04 3540119                    /home/maxik/.gradle/wrapper/dists/gradle-2.2.1-all/c64ydeuardnfqctvr1gm30w53/gradle-2.2.1/lib/plugins/gradle-ide-native-2.2.1.jar
7f7c20734000-7f7c20739000 r--s 00013000 08:04 3540118                    /home/maxik/.gradle/wrapper/dists/gradle-2.2.1-all/c64ydeuardnfqctvr1gm30w53/gradle-2.2.1/lib/plugins/gradle-language-native-2.2.1.jar
7f7c20739000-7f7c20744000 r--s 0004d000 08:04 3540117                    /home/maxik/.gradle/wrapper/dists/gradle-2.2.1-all/c64ydeuardnfqctvr1gm30w53/gradle-2.2.1/lib/plugins/gradle-platform-native-2.2.1.jar
7f7c20744000-7f7c20746000 r--s 00008000 08:04 3540116                    /home/maxik/.gradle/wrapper/dists/gradle-2.2.1-all/c64ydeuardnfqctvr1gm30w53/gradle-2.2.1/lib/plugins/gradle-language-groovy-2.2.1.jar
7f7c20746000-7f7c2074b000 r--s 00022000 08:04 3540115                    /home/maxik/.gradle/wrapper/dists/gradle-2.2.1-all/c64ydeuardnfqctvr1gm30w53/gradle-2.2.1/lib/plugins/gradle-language-java-2.2.1.jar
7f7c2074b000-7f7c2074e000 r--s 00007000 08:04 3540114                    /home/maxik/.gradle/wrapper/dists/gradle-2.2.1-all/c64ydeuardnfqctvr1gm30w53/gradle-2.2.1/lib/plugins/gradle-language-jvm-2.2.1.jar
7f7c2074e000-7f7c20751000 r--s 00009000 08:04 3540113                    /home/maxik/.gradle/wrapper/dists/gradle-2.2.1-all/c64ydeuardnfqctvr1gm30w53/gradle-2.2.1/lib/plugins/gradle-platform-jvm-2.2.1.jar
7f7c20751000-7f7c20756000 r--s 00018000 08:04 3540112                    /home/maxik/.gradle/wrapper/dists/gradle-2.2.1-all/c64ydeuardnfqctvr1gm30w53/gradle-2.2.1/lib/plugins/gradle-platform-base-2.2.1.jar
7f7c20756000-7f7c2075b000 r--s 00026000 08:04 3540111                    /home/maxik/.gradle/wrapper/dists/gradle-2.2.1-all/c64ydeuardnfqctvr1gm30w53/gradle-2.2.1/lib/plugins/gradle-build-init-2.2.1.jar
7f7c2075b000-7f7c2075e000 r--s 0001d000 08:04 3540110                    /home/maxik/.gradle/wrapper/dists/gradle-2.2.1-all/c64ydeuardnfqctvr1gm30w53/gradle-2.2.1/lib/plugins/gradle-jacoco-2.2.1.jar
7f7c2075e000-7f7c20761000 r--s 0000d000 08:04 3540109                    /home/maxik/.gradle/wrapper/dists/gradle-2.2.1-all/c64ydeuardnfqctvr1gm30w53/gradle-2.2.1/lib/plugins/gradle-ivy-2.2.1.jar
7f7c20761000-7f7c20763000 r--s 00002000 08:04 3540108                    /home/maxik/.gradle/wrapper/dists/gradle-2.2.1-all/c64ydeuardnfqctvr1gm30w53/gradle-2.2.1/lib/plugins/gradle-publish-2.2.1.jar
7f7c20763000-7f7c20765000 r--s 00005000 08:04 3540146                    /home/maxik/.gradle/wrapper/dists/gradle-2.2.1-all/c64ydeuardnfqctvr1gm30w53/gradle-2.2.1/lib/plugins/jatl-0.2.2.jar
7f7c20765000-7f7c20767000 r--s 0000f000 08:04 3540107                    /home/maxik/.gradle/wrapper/dists/gradle-2.2.1-all/c64ydeuardnfqctvr1gm30w53/gradle-2.2.1/lib/plugins/gradle-reporting-2.2.1.jar
7f7c20767000-7f7c2076c000 r--s 00034000 08:04 3540106                    /home/maxik/.gradle/wrapper/dists/gradle-2.2.1-all/c64ydeuardnfqctvr1gm30w53/gradle-2.2.1/lib/plugins/gradle-diagnostics-2.2.1.jar
7f7c2076c000-7f7c20773000 r--s 00090000 08:04 3540105                    /home/maxik/.gradle/wrapper/dists/gradle-2.2.1-all/c64ydeuardnfqctvr1gm30w53/gradle-2.2.1/lib/plugins/gradle-build-comparison-2.2.1.jar
7f7c20773000-7f7c2077a000 r--s 00035000 08:04 3540145                    /home/maxik/.gradle/wrapper/dists/gradle-2.2.1-all/c64ydeuardnfqctvr1gm30w53/gradle-2.2.1/lib/plugins/simple-4.1.21.jar
7f7c2077a000-7f7c20786000 r--s 00100000 08:04 3540143                    /home/maxik/.gradle/wrapper/dists/gradle-2.2.1-all/c64ydeuardnfqctvr1gm30w53/gradle-2.2.1/lib/plugins/rhino-1.7R3.jar
7f7c20786000-7f7c2078b000 r--s 0001f000 08:04 3540104                    /home/maxik/.gradle/wrapper/dists/gradle-2.2.1-all/c64ydeuardnfqctvr1gm30w53/gradle-2.2.1/lib/plugins/gradle-javascript-2.2.1.jar
7f7c2078b000-7f7c2078d000 r--s 0000e000 08:04 3540103                    /home/maxik/.gradle/wrapper/dists/gradle-2.2.1-all/c64ydeuardnfqctvr1gm30w53/gradle-2.2.1/lib/plugins/gradle-ear-2.2.1.jar
7f7c2078d000-7f7c20791000 r--s 00025000 08:04 3540142                    /home/maxik/.gradle/wrapper/dists/gradle-2.2.1-all/c64ydeuardnfqctvr1gm30w53/gradle-2.2.1/lib/plugins/bcpg-jdk15-1.46.jar
7f7c20791000-7f7c20794000 r--s 0001d000 08:04 3540102                    /home/maxik/.gradle/wrapper/dists/gradle-2.2.1-all/c64ydeuardnfqctvr1gm30w53/gradle-2.2.1/lib/plugins/gradle-signing-2.2.1.jar
7f7c20794000-7f7c20795000 r--s 00002000 08:04 3540141                    /home/maxik/.gradle/wrapper/dists/gradle-2.2.1-all/c64ydeuardnfqctvr1gm30w53/gradle-2.2.1/lib/plugins/sonar-batch-bootstrapper-2.9.jar
7f7c20795000-7f7c20798000 r--s 00018000 08:04 3540101                    /home/maxik/.gradle/wrapper/dists/gradle-2.2.1-all/c64ydeuardnfqctvr1gm30w53/gradle-2.2.1/lib/plugins/gradle-sonar-2.2.1.jar
7f7c20798000-7f7c2079b000 r--s 00017000 08:04 3540100                    /home/maxik/.gradle/wrapper/dists/gradle-2.2.1-all/c64ydeuardnfqctvr1gm30w53/gradle-2.2.1/lib/plugins/gradle-scala-2.2.1.jar
7f7c2079b000-7f7c2079d000 r--s 0000e000 08:04 3540099                    /home/maxik/.gradle/wrapper/dists/gradle-2.2.1-all/c64ydeuardnfqctvr1gm30w53/gradle-2.2.1/lib/plugins/gradle-announce-2.2.1.jar
7f7c2079d000-7f7c207ab000 r--s 000bc000 08:04 3540098                    /home/maxik/.gradle/wrapper/dists/gradle-2.2.1-all/c64ydeuardnfqctvr1gm30w53/gradle-2.2.1/lib/plugins/gradle-ide-2.2.1.jar
7f7c207ab000-7f7c207ad000 r--s 00000000 08:04 3540140                    /home/maxik/.gradle/wrapper/dists/gradle-2.2.1-all/c64ydeuardnfqctvr1gm30w53/gradle-2.2.1/lib/plugins/plexus-component-annotations-1.5.2.jar
7f7c207ad000-7f7c207b0000 r--s 0000c000 08:04 3540139                    /home/maxik/.gradle/wrapper/dists/gradle-2.2.1-all/c64ydeuardnfqctvr1gm30w53/gradle-2.2.1/lib/plugins/pmaven-groovy-0.8-20100325.jar
7f7c207b0000-7f7c207b1000 r--s 00004000 08:04 3540138                    /home/maxik/.gradle/wrapper/dists/gradle-2.2.1-all/c64ydeuardnfqctvr1gm30w53/gradle-2.2.1/lib/plugins/pmaven-common-0.8-20100325.jar
7f7c207b1000-7f7c207b5000 r--s 0001e000 08:04 3540097                    /home/maxik/.gradle/wrapper/dists/gradle-2.2.1-all/c64ydeuardnfqctvr1gm30w53/gradle-2.2.1/lib/plugins/gradle-maven-2.2.1.jar
7f7c207b5000-7f7c207cd000 r--s 0013b000 08:04 3540136                    /home/maxik/.gradle/wrapper/dists/gradle-2.2.1-all/c64ydeuardnfqctvr1gm30w53/gradle-2.2.1/lib/plugins/bndlib-2.1.0.jar
7f7c207cd000-7f7c207cf000 r--s 00004000 08:04 3540096                    /home/maxik/.gradle/wrapper/dists/gradle-2.2.1-all/c64ydeuardnfqctvr1gm30w53/gradle-2.2.1/lib/plugins/gradle-osgi-2.2.1.jar
7f7c207cf000-7f7c207d4000 r--s 00068000 08:04 3540135                    /home/maxik/.gradle/wrapper/dists/gradle-2.2.1-all/c64ydeuardnfqctvr1gm30w53/gradle-2.2.1/lib/plugins/antlr-2.7.7.jar
7f7c207d4000-7f7c207d5000 r--s 00002000 08:04 3540134                    /home/maxik/.gradle/wrapper/dists/gradle-2.2.1-all/c64ydeuardnfqctvr1gm30w53/gradle-2.2.1/lib/plugins/ant-antlr-1.9.3.jar
7f7c207d5000-7f7c207d7000 r--s 00004000 08:04 3540095                    /home/maxik/.gradle/wrapper/dists/gradle-2.2.1-all/c64ydeuardnfqctvr1gm30w53/gradle-2.2.1/lib/plugins/gradle-antlr-2.2.1.jar
7f7c207d7000-7f7c207da000 r--s 0001e000 08:04 3540157                    /home/maxik/.gradle/wrapper/dists/gradle-2.2.1-all/c64ydeuardnfqctvr1gm30w53/gradle-2.2.1/lib/plugins/jsp-api-2.1-6.1.14.jar
7f7c207da000-7f7c207fd000 r--s 00344000 08:04 3540156                    /home/maxik/.gradle/wrapper/dists/gradle-2.2.1-all/c64ydeuardnfqctvr1gm30w53/gradle-2.2.1/lib/plugins/core-3.1.1.jar
7f7c207fd000-7f7c207fe000 r--s 00006000 08:04 3540155                    /home/maxik/.gradle/wrapper/dists/gradle-2.2.1-all/c64ydeuardnfqctvr1gm30w53/gradle-2.2.1/lib/plugins/jetty-naming-6.1.25.jar
7f7c207fe000-7f7c207ff000 r--s 00002000 08:04 3540133                    /home/maxik/.gradle/wrapper/dists/gradle-2.2.1-all/c64ydeuardnfqctvr1gm30w53/gradle-2.2.1/lib/plugins/geronimo-annotation_1.0_spec-1.0.jar
7f7c207ff000-7f7c20801000 r--s 00002000 08:04 3540132                    /home/maxik/.gradle/wrapper/dists/gradle-2.2.1-all/c64ydeuardnfqctvr1gm30w53/gradle-2.2.1/lib/plugins/jetty-annotations-6.1.25.jar
7f7c20801000-7f7c20812000 r--s 000ea000 08:04 3540131                    /home/maxik/.gradle/wrapper/dists/gradle-2.2.1-all/c64ydeuardnfqctvr1gm30w53/gradle-2.2.1/lib/plugins/jsp-2.1-6.1.14.jar
7f7c20812000-7f7c20814000 r--s 0000d000 08:04 3540130                    /home/maxik/.gradle/wrapper/dists/gradle-2.2.1-all/c64ydeuardnfqctvr1gm30w53/gradle-2.2.1/lib/plugins/jetty-plus-6.1.25.jar
7f7c20814000-7f7c20816000 r--s 0001f000 08:04 3540129                    /home/maxik/.gradle/wrapper/dists/gradle-2.2.1-all/c64ydeuardnfqctvr1gm30w53/gradle-2.2.1/lib/plugins/servlet-api-2.5-20081211.jar
7f7c20816000-7f7c2081a000 r--s 00028000 08:04 3540128                    /home/maxik/.gradle/wrapper/dists/gradle-2.2.1-all/c64ydeuardnfqctvr1gm30w53/gradle-2.2.1/lib/plugins/jetty-util-6.1.25.jar
7f7c2081a000-7f7c20821000 r--s 0007d000 08:04 3540127                    /home/maxik/.gradle/wrapper/dists/gradle-2.2.1-all/c64ydeuardnfqctvr1gm30w53/gradle-2.2.1/lib/plugins/jetty-6.1.25.jar
7f7c20821000-7f7c20823000 r--s 00009000 08:04 3540094                    /home/maxik/.gradle/wrapper/dists/gradle-2.2.1-all/c64ydeuardnfqctvr1gm30w53/gradle-2.2.1/lib/plugins/gradle-jetty-2.2.1.jar
7f7c20823000-7f7c20828000 r--s 00041000 08:04 3540093                    /home/maxik/.gradle/wrapper/dists/gradle-2.2.1-all/c64ydeuardnfqctvr1gm30w53/gradle-2.2.1/lib/plugins/gradle-code-quality-2.2.1.jar
7f7c20828000-7f7c2082a000 r--s 00009000 08:04 3540165                    /home/maxik/.gradle/wrapper/dists/gradle-2.2.1-all/c64ydeuardnfqctvr1gm30w53/gradle-2.2.1/lib/plugins/hamcrest-core-1.3.jar
7f7c2082a000-7f7c20830000 r--s 00033000 08:04 3540154                    /home/maxik/.gradle/wrapper/dists/gradle-2.2.1-all/c64ydeuardnfqctvr1gm30w53/gradle-2.2.1/lib/plugins/snakeyaml-1.6.jar
7f7c20830000-7f7c20832000 r--s 00006000 08:04 3540153                    /home/maxik/.gradle/wrapper/dists/gradle-2.2.1-all/c64ydeuardnfqctvr1gm30w53/gradle-2.2.1/lib/plugins/jcommander-1.12.jar
7f7c20832000-7f7c20837000 r--s 00040000 08:04 3540152                    /home/maxik/.gradle/wrapper/dists/gradle-2.2.1-all/c64ydeuardnfqctvr1gm30w53/gradle-2.2.1/lib/plugins/bsh-2.0b4.jar
7f7c20837000-7f7c20839000 r--s 00009000 08:04 3540126                    /home/maxik/.gradle/wrapper/dists/gradle-2.2.1-all/c64ydeuardnfqctvr1gm30w53/gradle-2.2.1/lib/plugins/commons-cli-1.2.jar
7f7c20839000-7f7c20842000 r--s 00089000 08:04 3540125                    /home/maxik/.gradle/wrapper/dists/gradle-2.2.1-all/c64ydeuardnfqctvr1gm30w53/gradle-2.2.1/lib/plugins/testng-6.3.1.jar
7f7c20842000-7f7c20848000 r--s 00036000 08:04 3540124                    /home/maxik/.gradle/wrapper/dists/gradle-2.2.1-all/c64ydeuardnfqctvr1gm30w53/gradle-2.2.1/lib/plugins/junit-4.11.jar
7f7c20848000-7f7c20854000 r--s 00075000 08:04 3540092                    /home/maxik/.gradle/wrapper/dists/gradle-2.2.1-all/c64ydeuardnfqctvr1gm30w53/gradle-2.2.1/lib/plugins/gradle-plugins-2.2.1.jar
7f7c20854000-7f7c20857000 r--s 00011000 08:04 3540122                    /home/maxik/.gradle/wrapper/dists/gradle-2.2.1-all/c64ydeuardnfqctvr1gm30w53/gradle-2.2.1/lib/plugins/gradle-plugin-use-2.2.1.jar
7f7c20857000-7f7c2086f000 r--s 00115000 08:04 3540163                    /home/maxik/.gradle/wrapper/dists/gradle-2.2.1-all/c64ydeuardnfqctvr1gm30w53/gradle-2.2.1/lib/plugins/xercesImpl-2.9.1.jar
7f7c2086f000-7f7c20877000 r--s 00028000 08:04 3540164                    /home/maxik/.gradle/wrapper/dists/gradle-2.2.1-all/c64ydeuardnfqctvr1gm30w53/gradle-2.2.1/lib/plugins/xml-apis-1.3.04.jar
7f7c20877000-7f7c2087d000 r--s 0005b000 08:04 3540162                    /home/maxik/.gradle/wrapper/dists/gradle-2.2.1-all/c64ydeuardnfqctvr1gm30w53/gradle-2.2.1/lib/plugins/jcifs-1.3.17.jar
7f7c2087d000-7f7c20883000 r--s 00031000 08:04 3540161                    /home/maxik/.gradle/wrapper/dists/gradle-2.2.1-all/c64ydeuardnfqctvr1gm30w53/gradle-2.2.1/lib/plugins/httpcore-4.2.2.jar
7f7c20883000-7f7c20889000 r--s 00033000 08:04 3540160                    /home/maxik/.gradle/wrapper/dists/gradle-2.2.1-all/c64ydeuardnfqctvr1gm30w53/gradle-2.2.1/lib/plugins/commons-codec-1.6.jar
7f7c20889000-7f7c2088c000 r--s 0001c000 08:04 3540159                    /home/maxik/.gradle/wrapper/dists/gradle-2.2.1-all/c64ydeuardnfqctvr1gm30w53/gradle-2.2.1/lib/plugins/nekohtml-1.9.14.jar
7f7c2088c000-7f7c20895000 r--s 00060000 08:04 3540158                    /home/maxik/.gradle/wrapper/dists/gradle-2.2.1-all/c64ydeuardnfqctvr1gm30w53/gradle-2.2.1/lib/plugins/httpclient-4.2.2.jar
7f7c20895000-7f7c20897000 r--s 00007000 08:04 3540147                    /home/maxik/.gradle/wrapper/dists/gradle-2.2.1-all/c64ydeuardnfqctvr1gm30w53/gradle-2.2.1/lib/plugins/gradle-resources-http-2.2.1.jar
7f7c20897000-7f7c208bf000 r--s 00194000 08:04 3540151                    /home/maxik/.gradle/wrapper/dists/gradle-2.2.1-all/c64ydeuardnfqctvr1gm30w53/gradle-2.2.1/lib/plugins/bcprov-jdk15-1.46.jar
7f7c208bf000-7f7c208c3000 r--s 0001d000 08:04 3540150                    /home/maxik/.gradle/wrapper/dists/gradle-2.2.1-all/c64ydeuardnfqctvr1gm30w53/gradle-2.2.1/lib/plugins/xbean-reflect-3.4.jar
7f7c208c3000-7f7c208c8000 r--s 0002a000 08:04 3540144                    /home/maxik/.gradle/wrapper/dists/gradle-2.2.1-all/c64ydeuardnfqctvr1gm30w53/gradle-2.2.1/lib/plugins/gson-2.2.4.jar
7f7c208c8000-7f7c208cc000 r--s 0003d000 08:04 3540149                    /home/maxik/.gradle/wrapper/dists/gradle-2.2.1-all/c64ydeuardnfqctvr1gm30w53/gradle-2.2.1/lib/plugins/jsch-0.1.51.jar
7f7c208cc000-7f7c208e5000 r--s 00129000 08:04 3540137                    /home/maxik/.gradle/wrapper/dists/gradle-2.2.1-all/c64ydeuardnfqctvr1gm30w53/gradle-2.2.1/lib/plugins/maven-ant-tasks-2.1.3.jar
7f7c208e5000-7f7c208f4000 r--s 000d9000 08:04 3540148                    /home/maxik/.gradle/wrapper/dists/gradle-2.2.1-all/c64ydeuardnfqctvr1gm30w53/gradle-2.2.1/lib/plugins/ivy-2.2.0.jar
7f7c208f4000-7f7c208f8000 r--s 0001e000 08:04 3540091                    /home/maxik/.gradle/wrapper/dists/gradle-2.2.1-all/c64ydeuardnfqctvr1gm30w53/gradle-2.2.1/lib/plugins/jarjar-aether-impl-1.13.1.jar
7f7c208f8000-7f7c208fb000 r--s 00027000 08:04 3540090                    /home/maxik/.gradle/wrapper/dists/gradle-2.2.1-all/c64ydeuardnfqctvr1gm30w53/gradle-2.2.1/lib/plugins/jarjar-maven-model-3.0.4.jar
7f7c208fb000-7f7c208fe000 r--s 0000b000 08:04 3540089                    /home/maxik/.gradle/wrapper/dists/gradle-2.2.1-all/c64ydeuardnfqctvr1gm30w53/gradle-2.2.1/lib/plugins/jarjar-maven-artifact-3.0.4.jar
7f7c208fe000-7f7c20902000 r--s 0001e000 08:04 3540088                    /home/maxik/.gradle/wrapper/dists/gradle-2.2.1-all/c64ydeuardnfqctvr1gm30w53/gradle-2.2.1/lib/plugins/jarjar-aether-util-1.13.1.jar
7f7c20902000-7f7c20904000 r--s 00007000 08:04 3540087                    /home/maxik/.gradle/wrapper/dists/gradle-2.2.1-all/c64ydeuardnfqctvr1gm30w53/gradle-2.2.1/lib/plugins/jarjar-wagon-http-shared4-2.4.jar
7f7c20904000-7f7c20911000 r--s 00083000 08:04 3540086                    /home/maxik/.gradle/wrapper/dists/gradle-2.2.1-all/c64ydeuardnfqctvr1gm30w53/gradle-2.2.1/lib/plugins/jarjar-maven-core-3.0.4.jar
7f7c20911000-7f7c20913000 r--s 00003000 08:04 3540085                    /home/maxik/.gradle/wrapper/dists/gradle-2.2.1-all/c64ydeuardnfqctvr1gm30w53/gradle-2.2.1/lib/plugins/jarjar-aether-spi-1.13.1.jar
7f7c20913000-7f7c20915000 r--s 00009000 08:04 3540084                    /home/maxik/.gradle/wrapper/dists/gradle-2.2.1-all/c64ydeuardnfqctvr1gm30w53/gradle-2.2.1/lib/plugins/jarjar-maven-settings-builder-3.0.4.jar
7f7c20915000-7f7c20919000 r--s 00014000 08:04 3540083                    /home/maxik/.gradle/wrapper/dists/gradle-2.2.1-all/c64ydeuardnfqctvr1gm30w53/gradle-2.2.1/lib/plugins/jarjar-aether-api-1.13.1.jar
7f7c20919000-7f7c2091a000 r--s 00002000 08:04 3540082                    /home/maxik/.gradle/wrapper/dists/gradle-2.2.1-all/c64ydeuardnfqctvr1gm30w53/gradle-2.2.1/lib/plugins/jarjar-wagon-http-2.4.jar
7f7c2091a000-7f7c20921000 r--s 00042000 08:04 3540081                    /home/maxik/.gradle/wrapper/dists/gradle-2.2.1-all/c64ydeuardnfqctvr1gm30w53/gradle-2.2.1/lib/plugins/jarjar-maven-compat-3.0.4.jar
7f7c20921000-7f7c20923000 r--s 00006000 08:04 3540080                    /home/maxik/.gradle/wrapper/dists/gradle-2.2.1-all/c64ydeuardnfqctvr1gm30w53/gradle-2.2.1/lib/plugins/jarjar-aether-connector-wagon-1.13.1.jar
7f7c20923000-7f7c20925000 r--s 00000000 08:04 3540079                    /home/maxik/.gradle/wrapper/dists/gradle-2.2.1-all/c64ydeuardnfqctvr1gm30w53/gradle-2.2.1/lib/plugins/jarjar-plexus-component-annotations-1.5.5.jar
7f7c20925000-7f7c20927000 r--s 00006000 08:04 3540078                    /home/maxik/.gradle/wrapper/dists/gradle-2.2.1-all/c64ydeuardnfqctvr1gm30w53/gradle-2.2.1/lib/plugins/jarjar-plexus-sec-dispatcher-1.3.jar
7f7c20927000-7f7c2092c000 r--s 00022000 08:04 3540077                    /home/maxik/.gradle/wrapper/dists/gradle-2.2.1-all/c64ydeuardnfqctvr1gm30w53/gradle-2.2.1/lib/plugins/jarjar-maven-model-builder-3.0.4.jar
7f7c2092c000-7f7c2092e000 r--s 0000b000 08:04 3540076                    /home/maxik/.gradle/wrapper/dists/gradle-2.2.1-all/c64ydeuardnfqctvr1gm30w53/gradle-2.2.1/lib/plugins/jarjar-maven-plugin-api-3.0.4.jar
7f7c2092e000-7f7c20931000 r--s 0000a000 08:04 3540075                    /home/maxik/.gradle/wrapper/dists/gradle-2.2.1-all/c64ydeuardnfqctvr1gm30w53/gradle-2.2.1/lib/plugins/jarjar-plexus-classworlds-2.4.jar
7f7c20931000-7f7c20935000 r--s 00035000 08:04 3540074                    /home/maxik/.gradle/wrapper/dists/gradle-2.2.1-all/c64ydeuardnfqctvr1gm30w53/gradle-2.2.1/lib/plugins/jarjar-plexus-utils-2.0.6.jar
7f7c20935000-7f7c20937000 r--s 0000e000 08:04 3540073                    /home/maxik/.gradle/wrapper/dists/gradle-2.2.1-all/c64ydeuardnfqctvr1gm30w53/gradle-2.2.1/lib/plugins/jarjar-plexus-interpolation-1.14.jar
7f7c20937000-7f7c20939000 r--s 00002000 08:04 3540072                    /home/maxik/.gradle/wrapper/dists/gradle-2.2.1-all/c64ydeuardnfqctvr1gm30w53/gradle-2.2.1/lib/plugins/jarjar-plexus-cipher-1.7.jar
7f7c20939000-7f7c2093b000 r--s 0000c000 08:04 3540071                    /home/maxik/.gradle/wrapper/dists/gradle-2.2.1-all/c64ydeuardnfqctvr1gm30w53/gradle-2.2.1/lib/plugins/jarjar-wagon-provider-api-2.4.jar
7f7c2093b000-7f7c2093d000 r--s 0000d000 08:04 3540070                    /home/maxik/.gradle/wrapper/dists/gradle-2.2.1-all/c64ydeuardnfqctvr1gm30w53/gradle-2.2.1/lib/plugins/jarjar-maven-aether-provider-3.0.4.jar
7f7c2093d000-7f7c20945000 r--s 00031000 08:04 3540069                    /home/maxik/.gradle/wrapper/dists/gradle-2.2.1-all/c64ydeuardnfqctvr1gm30w53/gradle-2.2.1/lib/plugins/jarjar-plexus-container-default-1.5.5.jar
7f7c20945000-7f7c20946000 r--s 00007000 08:04 3540068                    /home/maxik/.gradle/wrapper/dists/gradle-2.2.1-all/c64ydeuardnfqctvr1gm30w53/gradle-2.2.1/lib/plugins/jarjar-maven-repository-metadata-3.0.4.jar
7f7c20946000-7f7c20947000 r--s 0000b000 08:04 3540067                    /home/maxik/.gradle/wrapper/dists/gradle-2.2.1-all/c64ydeuardnfqctvr1gm30w53/gradle-2.2.1/lib/plugins/jarjar-maven-settings-3.0.4.jar
7f7c20947000-7f7c2095f000 r--s 000b5000 08:04 3540123                    /home/maxik/.gradle/wrapper/dists/gradle-2.2.1-all/c64ydeuardnfqctvr1gm30w53/gradle-2.2.1/lib/plugins/gradle-dependency-management-2.2.1.jar
7f7c2095f000-7f7c2097b000 r--s 00393000 08:04 7479525                    /usr/lib/jvm/java-8-oracle/jre/lib/ext/cldrdata.jar
7f7c2097b000-7f7c20986000 r--s 00116000 08:04 7479497                    /usr/lib/jvm/java-8-oracle/jre/lib/ext/localedata.jar
7f7c20986000-7f7c20987000 r--s 00005000 08:04 3540018                    /home/maxik/.gradle/wrapper/dists/gradle-2.2.1-all/c64ydeuardnfqctvr1gm30w53/gradle-2.2.1/lib/gradle-wrapper-2.2.1.jar
7f7c20987000-7f7c20990000 r--s 0002c000 08:04 3540023                    /home/maxik/.gradle/wrapper/dists/gradle-2.2.1-all/c64ydeuardnfqctvr1gm30w53/gradle-2.2.1/lib/gradle-tooling-api-2.2.1.jar
7f7c20990000-7f7c20992000 r--s 00002000 08:04 3540047                    /home/maxik/.gradle/wrapper/dists/gradle-2.2.1-all/c64ydeuardnfqctvr1gm30w53/gradle-2.2.1/lib/gradle-open-api-2.2.1.jar
7f7c20992000-7f7c20998000 r--s 00032000 08:04 3540049                    /home/maxik/.gradle/wrapper/dists/gradle-2.2.1-all/c64ydeuardnfqctvr1gm30w53/gradle-2.2.1/lib/jaxen-1.1.jar
7f7c20998000-7f7c2099d000 r--s 00048000 08:04 3540048                    /home/maxik/.gradle/wrapper/dists/gradle-2.2.1-all/c64ydeuardnfqctvr1gm30w53/gradle-2.2.1/lib/dom4j-1.6.1.jar
7f7c2099d000-7f7c209a8000 r--s 00059000 08:04 3540022                    /home/maxik/.gradle/wrapper/dists/gradle-2.2.1-all/c64ydeuardnfqctvr1gm30w53/gradle-2.2.1/lib/gradle-ui-2.2.1.jar
7f7c209a8000-7f7c209aa000 r--s 00006000 08:04 3540043                    /home/maxik/.gradle/wrapper/dists/gradle-2.2.1-all/c64ydeuardnfqctvr1gm30w53/gradle-2.2.1/lib/gradle-resources-2.2.1.jar
7f7c209aa000-7f7c209ac000 r--s 00007000 08:04 3540065                    /home/maxik/.gradle/wrapper/dists/gradle-2.2.1-all/c64ydeuardnfqctvr1gm30w53/gradle-2.2.1/lib/objenesis-1.2.jar
7f7c209ac000-7f7c209ae000 r--s 00000000 08:04 3540064                    /home/maxik/.gradle/wrapper/dists/gradle-2.2.1-all/c64ydeuardnfqctvr1gm30w53/gradle-2.2.1/lib/minlog-1.2.jar
7f7c209ae000-7f7c209b0000 r--s 0000f000 08:04 3540063                    /home/maxik/.gradle/wrapper/dists/gradle-2.2.1-all/c64ydeuardnfqctvr1gm30w53/gradle-2.2.1/lib/reflectasm-1.07-shaded.jar
7f7c209b0000-7f7c209b4000 r--s 00026000 08:04 3540054                    /home/maxik/.gradle/wrapper/dists/gradle-2.2.1-all/c64ydeuardnfqctvr1gm30w53/gradle-2.2.1/lib/kryo-2.20.jar
7f7c209b4000-7f7c209bd000 r--s 00039000 08:04 3540042                    /home/maxik/.gradle/wrapper/dists/gradle-2.2.1-all/c64ydeuardnfqctvr1gm30w53/gradle-2.2.1/lib/gradle-messaging-2.2.1.jar
7f7c209bd000-7f7c209be000 r--s 00003000 08:04 3540062                    /home/maxik/.gradle/wrapper/dists/gradle-2.2.1-all/c64ydeuardnfqctvr1gm30w53/gradle-2.2.1/lib/native-platform-freebsd-amd64-0.10.jar
7f7c209be000-7f7c209bf000 r--s 00003000 08:04 3540061                    /home/maxik/.gradle/wrapper/dists/gradle-2.2.1-all/c64ydeuardnfqctvr1gm30w53/gradle-2.2.1/lib/native-platform-freebsd-i386-0.10.jar
7f7c209bf000-7f7c209c0000 r--s 00005000 08:04 3540060                    /home/maxik/.gradle/wrapper/dists/gradle-2.2.1-all/c64ydeuardnfqctvr1gm30w53/gradle-2.2.1/lib/native-platform-windows-i386-0.10.jar
7f7c209c0000-7f7c209c1000 r--s 00005000 08:04 3540059                    /home/maxik/.gradle/wrapper/dists/gradle-2.2.1-all/c64ydeuardnfqctvr1gm30w53/gradle-2.2.1/lib/native-platform-windows-amd64-0.10.jar
7f7c209c1000-7f7c209c2000 r--s 00003000 08:04 3540058                    /home/maxik/.gradle/wrapper/dists/gradle-2.2.1-all/c64ydeuardnfqctvr1gm30w53/gradle-2.2.1/lib/native-platform-linux-i386-0.10.jar
7f7c209c2000-7f7c209c3000 r--s 00003000 08:04 3540057                    /home/maxik/.gradle/wrapper/dists/gradle-2.2.1-all/c64ydeuardnfqctvr1gm30w53/gradle-2.2.1/lib/native-platform-linux-amd64-0.10.jar
7f7c209c3000-7f7c209c4000 r--s 00002000 08:04 3540056                    /home/maxik/.gradle/wrapper/dists/gradle-2.2.1-all/c64ydeuardnfqctvr1gm30w53/gradle-2.2.1/lib/native-platform-osx-amd64-0.10.jar
7f7c209c4000-7f7c209c5000 r--s 00002000 08:04 3540055                    /home/maxik/.gradle/wrapper/dists/gradle-2.2.1-all/c64ydeuardnfqctvr1gm30w53/gradle-2.2.1/lib/native-platform-osx-i386-0.10.jar
7f7c209c5000-7f7c209c7000 r--s 00008000 08:04 3540052                    /home/maxik/.gradle/wrapper/dists/gradle-2.2.1-all/c64ydeuardnfqctvr1gm30w53/gradle-2.2.1/lib/jansi-1.2.1.jar
7f7c209c7000-7f7c209ca000 r--s 0000d000 08:04 3540051                    /home/maxik/.gradle/wrapper/dists/gradle-2.2.1-all/c64ydeuardnfqctvr1gm30w53/gradle-2.2.1/lib/native-platform-0.10.jar
7f7c209ca000-7f7c209ce000 r--s 000e4000 08:04 3540050                    /home/maxik/.gradle/wrapper/dists/gradle-2.2.1-all/c64ydeuardnfqctvr1gm30w53/gradle-2.2.1/lib/jna-3.2.7.jar
7f7c209ce000-7f7c209d0000 r--s 00008000 08:04 3540024                    /home/maxik/.gradle/wrapper/dists/gradle-2.2.1-all/c64ydeuardnfqctvr1gm30w53/gradle-2.2.1/lib/gradle-native-2.2.1.jar
7f7c209d0000-7f7c209d2000 r--s 00005000 08:04 3540021                    /home/maxik/.gradle/wrapper/dists/gradle-2.2.1-all/c64ydeuardnfqctvr1gm30w53/gradle-2.2.1/lib/gradle-cli-2.2.1.jar
7f7c209d2000-7f7c209d4000 r--s 00003000 08:04 3540041                    /home/maxik/.gradle/wrapper/dists/gradle-2.2.1-all/c64ydeuardnfqctvr1gm30w53/gradle-2.2.1/lib/gradle-base-services-groovy-2.2.1.jar
7f7c209d4000-7f7c209d6000 r--s 0000a000 08:04 3540029                    /home/maxik/.gradle/wrapper/dists/gradle-2.2.1-all/c64ydeuardnfqctvr1gm30w53/gradle-2.2.1/lib/gradle-model-groovy-2.2.1.jar
7f7c209d6000-7f7c209da000 r--s 0001b000 08:04 3540028                    /home/maxik/.gradle/wrapper/dists/gradle-2.2.1-all/c64ydeuardnfqctvr1gm30w53/gradle-2.2.1/lib/gradle-model-core-2.2.1.jar
7f7c209da000-7f7c209dc000 r--s 00003000 08:04 3540046                    /home/maxik/.gradle/wrapper/dists/gradle-2.2.1-all/c64ydeuardnfqctvr1gm30w53/gradle-2.2.1/lib/jcl-over-slf4j-1.7.7.jar
7f7c209dc000-7f7c209df000 r--s 0001b000 08:04 3540039                    /home/maxik/.gradle/wrapper/dists/gradle-2.2.1-all/c64ydeuardnfqctvr1gm30w53/gradle-2.2.1/lib/jarjar-1.3.jar
7f7c209df000-7f7c209e5000 r--s 0003b000 08:04 3540036                    /home/maxik/.gradle/wrapper/dists/gradle-2.2.1-all/c64ydeuardnfqctvr1gm30w53/gradle-2.2.1/lib/logback-classic-1.0.13.jar
7f7c209e5000-7f7c209ef000 r--s 0005d000 08:04 3540035                    /home/maxik/.gradle/wrapper/dists/gradle-2.2.1-all/c64ydeuardnfqctvr1gm30w53/gradle-2.2.1/lib/logback-core-1.0.13.jar
7f7c209ef000-7f7c209f4000 r--s 00041000 08:04 3540034                    /home/maxik/.gradle/wrapper/dists/gradle-2.2.1-all/c64ydeuardnfqctvr1gm30w53/gradle-2.2.1/lib/commons-lang-2.6.jar
7f7c209f4000-7f7c20a5f000 r--s 00685000 08:04 3540027                    /home/maxik/.gradle/wrapper/dists/gradle-2.2.1-all/c64ydeuardnfqctvr1gm30w53/gradle-2.2.1/lib/groovy-all-2.3.6.jar
7f7c20a5f000-7f7c20a87000 r--s 001cf000 08:04 3540026                    /home/maxik/.gradle/wrapper/dists/gradle-2.2.1-all/c64ydeuardnfqctvr1gm30w53/gradle-2.2.1/lib/guava-jdk5-17.0.jar
7f7c20a87000-7f7c20ab8000 r--s 00191000 08:04 3540020                    /home/maxik/.gradle/wrapper/dists/gradle-2.2.1-all/c64ydeuardnfqctvr1gm30w53/gradle-2.2.1/lib/gradle-core-2.2.1.jar
7f7c20ab8000-7f7c20ab9000 ---p 00000000 00:00 0 
7f7c20ab9000-7f7c20bb9000 rw-p 00000000 00:00 0                          [stack:5198]
7f7c20bb9000-7f7c20bbc000 ---p 00000000 00:00 0 
7f7c20bbc000-7f7c20cba000 rw-p 00000000 00:00 0                          [stack:5197]
7f7c20cba000-7f7c20cbd000 ---p 00000000 00:00 0 
7f7c20cbd000-7f7c20dbb000 rw-p 00000000 00:00 0                          [stack:5196]
7f7c20dbb000-7f7c20dbe000 ---p 00000000 00:00 0 
7f7c20dbe000-7f7c20ebc000 rw-p 00000000 00:00 0                          [stack:5195]
7f7c20ebc000-7f7c20ebf000 ---p 00000000 00:00 0 
7f7c20ebf000-7f7c20fbd000 rw-p 00000000 00:00 0                          [stack:5194]
7f7c20fbd000-7f7c20fc0000 ---p 00000000 00:00 0 
7f7c20fc0000-7f7c210be000 rw-p 00000000 00:00 0                          [stack:5193]
7f7c210be000-7f7c214f5000 r--p 00000000 08:04 7085838                    /usr/lib/locale/locale-archive
7f7c214f5000-7f7c214f8000 ---p 00000000 00:00 0 
7f7c214f8000-7f7c215f6000 rw-p 00000000 00:00 0                          [stack:5192]
7f7c215f6000-7f7c215f9000 ---p 00000000 00:00 0 
7f7c215f9000-7f7c216f7000 rw-p 00000000 00:00 0                          [stack:5191]
7f7c216f7000-7f7c216f8000 ---p 00000000 00:00 0 
7f7c216f8000-7f7c24000000 rw-p 00000000 00:00 0                          [stack:5190]
7f7c24000000-7f7c24021000 rw-p 00000000 00:00 0 
7f7c24021000-7f7c28000000 ---p 00000000 00:00 0 
7f7c28000000-7f7c28001000 r--s 00000000 08:04 3540044                    /home/maxik/.gradle/wrapper/dists/gradle-2.2.1-all/c64ydeuardnfqctvr1gm30w53/gradle-2.2.1/lib/gradle-docs-2.2.1.jar
7f7c28001000-7f7c28002000 r--s 00005000 08:04 3540045                    /home/maxik/.gradle/wrapper/dists/gradle-2.2.1-all/c64ydeuardnfqctvr1gm30w53/gradle-2.2.1/lib/log4j-over-slf4j-1.7.7.jar
7f7c28002000-7f7c28021000 r--s 001cc000 08:04 3540031                    /home/maxik/.gradle/wrapper/dists/gradle-2.2.1-all/c64ydeuardnfqctvr1gm30w53/gradle-2.2.1/lib/ant-1.9.3.jar
7f7c28021000-7f7c28627000 rw-p 00000000 00:00 0 
7f7c28627000-7f7c28800000 r--s 03d09000 08:04 7221389                    /usr/lib/jvm/java-8-oracle/jre/lib/rt.jar
7f7c28800000-7f7c29000000 rw-p 00000000 00:00 0 
7f7c29000000-7f7c2c0b0000 rwxp 00000000 00:00 0 
7f7c2c0b0000-7f7c38000000 ---p 00000000 00:00 0 
7f7c38000000-7f7c38bba000 rw-p 00000000 00:00 0 
7f7c38bba000-7f7c3c000000 ---p 00000000 00:00 0 
7f7c3c000000-7f7c3c001000 r--s 00000000 08:04 3540040                    /home/maxik/.gradle/wrapper/dists/gradle-2.2.1-all/c64ydeuardnfqctvr1gm30w53/gradle-2.2.1/lib/javax.inject-1.jar
7f7c3c001000-7f7c3c003000 r--s 00000000 08:04 3540038                    /home/maxik/.gradle/wrapper/dists/gradle-2.2.1-all/c64ydeuardnfqctvr1gm30w53/gradle-2.2.1/lib/jul-to-slf4j-1.7.7.jar
7f7c3c003000-7f7c3c004000 r--s 00000000 08:04 3540037                    /home/maxik/.gradle/wrapper/dists/gradle-2.2.1-all/c64ydeuardnfqctvr1gm30w53/gradle-2.2.1/lib/jcip-annotations-1.0.jar
7f7c3c004000-7f7c3c007000 r--s 00018000 08:04 3540033                    /home/maxik/.gradle/wrapper/dists/gradle-2.2.1-all/c64ydeuardnfqctvr1gm30w53/gradle-2.2.1/lib/commons-io-1.4.jar
7f7c3c007000-7f7c3c015000 r--s 0007f000 08:04 3540032                    /home/maxik/.gradle/wrapper/dists/gradle-2.2.1-all/c64ydeuardnfqctvr1gm30w53/gradle-2.2.1/lib/commons-collections-3.2.1.jar
7f7c3c015000-7f7c3c01a000 r--s 00036000 08:04 3540030                    /home/maxik/.gradle/wrapper/dists/gradle-2.2.1-all/c64ydeuardnfqctvr1gm30w53/gradle-2.2.1/lib/asm-all-5.0.3.jar
7f7c3c01a000-7f7c3c01c000 r--s 00006000 08:04 3540025                    /home/maxik/.gradle/wrapper/dists/gradle-2.2.1-all/c64ydeuardnfqctvr1gm30w53/gradle-2.2.1/lib/slf4j-api-1.7.7.jar
7f7c3c01c000-7f7c3c01d000 r--s 00004000 08:04 3540053                    /home/maxik/.gradle/wrapper/dists/gradle-2.2.1-all/c64ydeuardnfqctvr1gm30w53/gradle-2.2.1/lib/ant-launcher-1.9.3.jar
7f7c3c01d000-7f7c3c023000 r--s 00026000 08:04 3540019                    /home/maxik/.gradle/wrapper/dists/gradle-2.2.1-all/c64ydeuardnfqctvr1gm30w53/gradle-2.2.1/lib/gradle-base-services-2.2.1.jar
7f7c3c023000-7f7c3c43f000 rw-p 00000000 00:00 0 
7f7c3c43f000-7f7c3c440000 ---p 00000000 00:00 0 
7f7c3c440000-7f7c3c540000 rw-p 00000000 00:00 0                          [stack:5189]
7f7c3c540000-7f7c3c541000 ---p 00000000 00:00 0 
7f7c3c541000-7f7c3c641000 rw-p 00000000 00:00 0                          [stack:5188]
7f7c3c641000-7f7c3c642000 ---p 00000000 00:00 0 
7f7c3c642000-7f7c3c742000 rw-p 00000000 00:00 0                          [stack:5187]
7f7c3c742000-7f7c3c743000 ---p 00000000 00:00 0 
7f7c3c743000-7f7c3c8a7000 rw-p 00000000 00:00 0                          [stack:5186]
7f7c3c8a7000-7f7c3c999000 ---p 00000000 00:00 0 
7f7c3c999000-7f7c3c9fd000 rw-p 00000000 00:00 0 
7f7c3c9fd000-7f7c3caee000 ---p 00000000 00:00 0 
7f7c3caee000-7f7c3cb99000 rw-p 00000000 00:00 0 
7f7c3cb99000-7f7c3cc5d000 rw-p 00000000 00:00 0 
7f7c3cc5d000-7f7c3cf5a000 ---p 00000000 00:00 0 
7f7c3cf5a000-7f7c3cf74000 r-xp 00000000 08:04 7349534                    /usr/lib/jvm/java-8-oracle/jre/lib/amd64/libzip.so
7f7c3cf74000-7f7c3d174000 ---p 0001a000 08:04 7349534                    /usr/lib/jvm/java-8-oracle/jre/lib/amd64/libzip.so
7f7c3d174000-7f7c3d175000 rw-p 0001a000 08:04 7349534                    /usr/lib/jvm/java-8-oracle/jre/lib/amd64/libzip.so
7f7c3d175000-7f7c3d180000 r-xp 00000000 08:04 5374383                    /lib/x86_64-linux-gnu/libnss_files-2.19.so
7f7c3d180000-7f7c3d37f000 ---p 0000b000 08:04 5374383                    /lib/x86_64-linux-gnu/libnss_files-2.19.so
7f7c3d37f000-7f7c3d380000 r--p 0000a000 08:04 5374383                    /lib/x86_64-linux-gnu/libnss_files-2.19.so
7f7c3d380000-7f7c3d381000 rw-p 0000b000 08:04 5374383                    /lib/x86_64-linux-gnu/libnss_files-2.19.so
7f7c3d381000-7f7c3d38c000 r-xp 00000000 08:04 5374406                    /lib/x86_64-linux-gnu/libnss_nis-2.19.so
7f7c3d38c000-7f7c3d58b000 ---p 0000b000 08:04 5374406                    /lib/x86_64-linux-gnu/libnss_nis-2.19.so
7f7c3d58b000-7f7c3d58c000 r--p 0000a000 08:04 5374406                    /lib/x86_64-linux-gnu/libnss_nis-2.19.so
7f7c3d58c000-7f7c3d58d000 rw-p 0000b000 08:04 5374406                    /lib/x86_64-linux-gnu/libnss_nis-2.19.so
7f7c3d58d000-7f7c3d5a4000 r-xp 00000000 08:04 5374395                    /lib/x86_64-linux-gnu/libnsl-2.19.so
7f7c3d5a4000-7f7c3d7a3000 ---p 00017000 08:04 5374395                    /lib/x86_64-linux-gnu/libnsl-2.19.so
7f7c3d7a3000-7f7c3d7a4000 r--p 00016000 08:04 5374395                    /lib/x86_64-linux-gnu/libnsl-2.19.so
7f7c3d7a4000-7f7c3d7a5000 rw-p 00017000 08:04 5374395                    /lib/x86_64-linux-gnu/libnsl-2.19.so
7f7c3d7a5000-7f7c3d7a7000 rw-p 00000000 00:00 0 
7f7c3d7a7000-7f7c3d7b0000 r-xp 00000000 08:04 5374394                    /lib/x86_64-linux-gnu/libnss_compat-2.19.so
7f7c3d7b0000-7f7c3d9af000 ---p 00009000 08:04 5374394                    /lib/x86_64-linux-gnu/libnss_compat-2.19.so
7f7c3d9af000-7f7c3d9b0000 r--p 00008000 08:04 5374394                    /lib/x86_64-linux-gnu/libnss_compat-2.19.so
7f7c3d9b0000-7f7c3d9b1000 rw-p 00009000 08:04 5374394                    /lib/x86_64-linux-gnu/libnss_compat-2.19.so
7f7c3d9b1000-7f7c3d9db000 r-xp 00000000 08:04 7349522                    /usr/lib/jvm/java-8-oracle/jre/lib/amd64/libjava.so
7f7c3d9db000-7f7c3dbdb000 ---p 0002a000 08:04 7349522                    /usr/lib/jvm/java-8-oracle/jre/lib/amd64/libjava.so
7f7c3dbdb000-7f7c3dbdd000 rw-p 0002a000 08:04 7349522                    /usr/lib/jvm/java-8-oracle/jre/lib/amd64/libjava.so
7f7c3dbdd000-7f7c3dbea000 r-xp 00000000 08:04 7349490                    /usr/lib/jvm/java-8-oracle/jre/lib/amd64/libverify.so
7f7c3dbea000-7f7c3ddea000 ---p 0000d000 08:04 7349490                    /usr/lib/jvm/java-8-oracle/jre/lib/amd64/libverify.so
7f7c3ddea000-7f7c3ddec000 rw-p 0000d000 08:04 7349490                    /usr/lib/jvm/java-8-oracle/jre/lib/amd64/libverify.so
7f7c3ddec000-7f7c3ddf3000 r-xp 00000000 08:04 5374403                    /lib/x86_64-linux-gnu/librt-2.19.so
7f7c3ddf3000-7f7c3dff2000 ---p 00007000 08:04 5374403                    /lib/x86_64-linux-gnu/librt-2.19.so
7f7c3dff2000-7f7c3dff3000 r--p 00006000 08:04 5374403                    /lib/x86_64-linux-gnu/librt-2.19.so
7f7c3dff3000-7f7c3dff4000 rw-p 00007000 08:04 5374403                    /lib/x86_64-linux-gnu/librt-2.19.so
7f7c3dff4000-7f7c3e0f9000 r-xp 00000000 08:04 5374370                    /lib/x86_64-linux-gnu/libm-2.19.so
7f7c3e0f9000-7f7c3e2f8000 ---p 00105000 08:04 5374370                    /lib/x86_64-linux-gnu/libm-2.19.so
7f7c3e2f8000-7f7c3e2f9000 r--p 00104000 08:04 5374370                    /lib/x86_64-linux-gnu/libm-2.19.so
7f7c3e2f9000-7f7c3e2fa000 rw-p 00105000 08:04 5374370                    /lib/x86_64-linux-gnu/libm-2.19.so
7f7c3e2fa000-7f7c3efa8000 r-xp 00000000 08:04 7478141                    /usr/lib/jvm/java-8-oracle/jre/lib/amd64/server/libjvm.so
7f7c3efa8000-7f7c3f1a7000 ---p 00cae000 08:04 7478141                    /usr/lib/jvm/java-8-oracle/jre/lib/amd64/server/libjvm.so
7f7c3f1a7000-7f7c3f27e000 rw-p 00cad000 08:04 7478141                    /usr/lib/jvm/java-8-oracle/jre/lib/amd64/server/libjvm.so
7f7c3f27e000-7f7c3f2c2000 rw-p 00000000 00:00 0 
7f7c3f2c2000-7f7c3f47d000 r-xp 00000000 08:04 5374400                    /lib/x86_64-linux-gnu/libc-2.19.so
7f7c3f47d000-7f7c3f67c000 ---p 001bb000 08:04 5374400                    /lib/x86_64-linux-gnu/libc-2.19.so
7f7c3f67c000-7f7c3f680000 r--p 001ba000 08:04 5374400                    /lib/x86_64-linux-gnu/libc-2.19.so
7f7c3f680000-7f7c3f682000 rw-p 001be000 08:04 5374400                    /lib/x86_64-linux-gnu/libc-2.19.so
7f7c3f682000-7f7c3f687000 rw-p 00000000 00:00 0 
7f7c3f687000-7f7c3f68a000 r-xp 00000000 08:04 5374389                    /lib/x86_64-linux-gnu/libdl-2.19.so
7f7c3f68a000-7f7c3f889000 ---p 00003000 08:04 5374389                    /lib/x86_64-linux-gnu/libdl-2.19.so
7f7c3f889000-7f7c3f88a000 r--p 00002000 08:04 5374389                    /lib/x86_64-linux-gnu/libdl-2.19.so
7f7c3f88a000-7f7c3f88b000 rw-p 00003000 08:04 5374389                    /lib/x86_64-linux-gnu/libdl-2.19.so
7f7c3f88b000-7f7c3f8a0000 r-xp 00000000 08:04 7605660                    /usr/lib/jvm/java-8-oracle/lib/amd64/jli/libjli.so
7f7c3f8a0000-7f7c3faa0000 ---p 00015000 08:04 7605660                    /usr/lib/jvm/java-8-oracle/lib/amd64/jli/libjli.so
7f7c3faa0000-7f7c3faa1000 rw-p 00015000 08:04 7605660                    /usr/lib/jvm/java-8-oracle/lib/amd64/jli/libjli.so
7f7c3faa1000-7f7c3faba000 r-xp 00000000 08:04 5374401                    /lib/x86_64-linux-gnu/libpthread-2.19.so
7f7c3faba000-7f7c3fcb9000 ---p 00019000 08:04 5374401                    /lib/x86_64-linux-gnu/libpthread-2.19.so
7f7c3fcb9000-7f7c3fcba000 r--p 00018000 08:04 5374401                    /lib/x86_64-linux-gnu/libpthread-2.19.so
7f7c3fcba000-7f7c3fcbb000 rw-p 00019000 08:04 5374401                    /lib/x86_64-linux-gnu/libpthread-2.19.so
7f7c3fcbb000-7f7c3fcbf000 rw-p 00000000 00:00 0 
7f7c3fcbf000-7f7c3fce2000 r-xp 00000000 08:04 5374397                    /lib/x86_64-linux-gnu/ld-2.19.so
7f7c3fce2000-7f7c3fcea000 r--s 0003c000 08:04 3540017                    /home/maxik/.gradle/wrapper/dists/gradle-2.2.1-all/c64ydeuardnfqctvr1gm30w53/gradle-2.2.1/lib/gradle-launcher-2.2.1.jar
7f7c3fcea000-7f7c3fdbc000 rw-p 00000000 00:00 0 
7f7c3fdbc000-7f7c3fdbf000 ---p 00000000 00:00 0 
7f7c3fdbf000-7f7c3fed5000 rw-p 00000000 00:00 0                          [stack:5184]
7f7c3fed5000-7f7c3fedd000 rw-s 00000000 08:04 6029432                    /tmp/hsperfdata_maxik/5182
7f7c3fedd000-7f7c3fede000 rw-p 00000000 00:00 0 
7f7c3fede000-7f7c3fedf000 ---p 00000000 00:00 0 
7f7c3fedf000-7f7c3fee1000 rw-p 00000000 00:00 0 
7f7c3fee1000-7f7c3fee2000 r--p 00022000 08:04 5374397                    /lib/x86_64-linux-gnu/ld-2.19.so
7f7c3fee2000-7f7c3fee3000 rw-p 00023000 08:04 5374397                    /lib/x86_64-linux-gnu/ld-2.19.so
7f7c3fee3000-7f7c3fee4000 rw-p 00000000 00:00 0 
7ffeacb62000-7ffeacb83000 rw-p 00000000 00:00 0                          [stack]
7ffeacb91000-7ffeacb93000 r-xp 00000000 00:00 0                          [vdso]
ffffffffff600000-ffffffffff601000 r-xp 00000000 00:00 0                  [vsyscall]

VM Arguments:
jvm_args: -XX:MaxPermSize=256m -XX:+HeapDumpOnOutOfMemoryError -Xmx1024m -Dfile.encoding=UTF-8 -Duser.country=US -Duser.language=en -Duser.variant 
java_command: org.gradle.launcher.daemon.bootstrap.GradleDaemon 2.2.1 /home/maxik/.gradle/daemon 10800000 01970a5a-27c5-4ae9-9f32-b89d920b537c -XX:MaxPermSize=256m -XX:+HeapDumpOnOutOfMemoryError -Xmx1024m -Dfile.encoding=UTF-8 -Duser.country=US -Duser.language=en -Duser.variant
java_class_path (initial): /home/maxik/.gradle/wrapper/dists/gradle-2.2.1-all/c64ydeuardnfqctvr1gm30w53/gradle-2.2.1/lib/gradle-launcher-2.2.1.jar
Launcher Type: SUN_STANDARD

Environment Variables:
CLASSPATH=/home/maxik/android-studio/bin/../lib/bootstrap.jar:/home/maxik/android-studio/bin/../lib/extensions.jar:/home/maxik/android-studio/bin/../lib/util.jar:/home/maxik/android-studio/bin/../lib/jdom.jar:/home/maxik/android-studio/bin/../lib/log4j.jar:/home/maxik/android-studio/bin/../lib/trove4j.jar:/home/maxik/android-studio/bin/../lib/jna.jar:/usr/lib/jvm/java-8-oracle/lib/tools.jar
PATH=/usr/local/sbin:/usr/local/bin:/usr/sbin:/usr/bin:/sbin:/bin:/usr/games:/usr/local/games
LD_LIBRARY_PATH=/home/maxik/android-studio/bin:
SHELL=/bin/bash
DISPLAY=:0

Signal Handlers:
SIGSEGV: [libjvm.so+0xaad1e0], sa_mask[0]=11111111011111111101111111111110, sa_flags=SA_RESTART|SA_SIGINFO
SIGBUS: [libjvm.so+0xaad1e0], sa_mask[0]=11111111011111111101111111111110, sa_flags=SA_RESTART|SA_SIGINFO
SIGFPE: [libjvm.so+0x90b450], sa_mask[0]=11111111011111111101111111111110, sa_flags=SA_RESTART|SA_SIGINFO
SIGPIPE: [libjvm.so+0x90b450], sa_mask[0]=11111111011111111101111111111110, sa_flags=SA_RESTART|SA_SIGINFO
SIGXFSZ: [libjvm.so+0x90b450], sa_mask[0]=11111111011111111101111111111110, sa_flags=SA_RESTART|SA_SIGINFO
SIGILL: [libjvm.so+0x90b450], sa_mask[0]=11111111011111111101111111111110, sa_flags=SA_RESTART|SA_SIGINFO
SIGUSR1: SIG_DFL, sa_mask[0]=00000000000000000000000000000000, sa_flags=none
SIGUSR2: [libjvm.so+0x90ca90], sa_mask[0]=00100000000000000000000000000000, sa_flags=SA_RESTART|SA_SIGINFO
SIGHUP: [libjvm.so+0x90dde0], sa_mask[0]=11111111011111111101111111111110, sa_flags=SA_RESTART|SA_SIGINFO
SIGINT: [libjvm.so+0x90dde0], sa_mask[0]=11111111011111111101111111111110, sa_flags=SA_RESTART|SA_SIGINFO
SIGTERM: [libjvm.so+0x90dde0], sa_mask[0]=11111111011111111101111111111110, sa_flags=SA_RESTART|SA_SIGINFO
SIGQUIT: [libjvm.so+0x90dde0], sa_mask[0]=11111111011111111101111111111110, sa_flags=SA_RESTART|SA_SIGINFO


---------------  S Y S T E M  ---------------

OS:DISTRIB_ID=Ubuntu
DISTRIB_RELEASE=14.04
DISTRIB_CODENAME=trusty
DISTRIB_DESCRIPTION="Ubuntu 14.04.2 LTS"

uname:Linux 3.13.0-52-generic #86-Ubuntu SMP Mon May 4 04:32:59 UTC 2015 x86_64
libc:glibc 2.19 NPTL 2.19 
rlimit: STACK 8192k, CORE 0k, NPROC 62713, NOFILE 4096, AS infinity
load average:2.37 1.48 1.23

/proc/meminfo:
MemTotal:        8057896 kB
MemFree:          123436 kB
Buffers:            4668 kB
Cached:           292648 kB
SwapCached:            0 kB
Active:          7179000 kB
Inactive:         252352 kB
Active(anon):    7135800 kB
Inactive(anon):   197428 kB
Active(file):      43200 kB
Inactive(file):    54924 kB
Unevictable:          64 kB
Mlocked:              64 kB
SwapTotal:             0 kB
SwapFree:              0 kB
Dirty:              7172 kB
Writeback:           136 kB
AnonPages:       7134468 kB
Mapped:           357896 kB
Shmem:            198824 kB
Slab:             107428 kB
SReclaimable:      48356 kB
SUnreclaim:        59072 kB
KernelStack:        7920 kB
PageTables:        88304 kB
NFS_Unstable:          0 kB
Bounce:                0 kB
WritebackTmp:          0 kB
CommitLimit:     4028948 kB
Committed_AS:   15048632 kB
VmallocTotal:   34359738367 kB
VmallocUsed:      395468 kB
VmallocChunk:   34359335548 kB
HardwareCorrupted:     0 kB
AnonHugePages:   3131392 kB
HugePages_Total:       0
HugePages_Free:        0
HugePages_Rsvd:        0
HugePages_Surp:        0
Hugepagesize:       2048 kB
DirectMap4k:      497516 kB
DirectMap2M:     7772160 kB
DirectMap1G:           0 kB


CPU:total 4 (2 cores per cpu, 2 threads per core) family 6 model 69 stepping 1, cmov, cx8, fxsr, mmx, sse, sse2, sse3, ssse3, sse4.1, sse4.2, popcnt, avx, avx2, aes, clmul, erms, lzcnt, ht, tsc, tscinvbit, bmi1, bmi2

/proc/cpuinfo:
processor	: 0
vendor_id	: GenuineIntel
cpu family	: 6
model		: 69
model name	: Intel(R) Core(TM) i5-4200U CPU @ 1.60GHz
stepping	: 1
microcode	: 0x10
cpu MHz		: 1600.000
cache size	: 3072 KB
physical id	: 0
siblings	: 4
core id		: 0
cpu cores	: 2
apicid		: 0
initial apicid	: 0
fpu		: yes
fpu_exception	: yes
cpuid level	: 13
wp		: yes
flags		: fpu vme de pse tsc msr pae mce cx8 apic sep mtrr pge mca cmov pat pse36 clflush dts acpi mmx fxsr sse sse2 ss ht tm pbe syscall nx pdpe1gb rdtscp lm constant_tsc arch_perfmon pebs bts rep_good nopl xtopology nonstop_tsc aperfmperf eagerfpu pni pclmulqdq dtes64 monitor ds_cpl vmx est tm2 ssse3 fma cx16 xtpr pdcm pcid sse4_1 sse4_2 movbe popcnt tsc_deadline_timer aes xsave avx f16c rdrand lahf_lm abm ida arat epb xsaveopt pln pts dtherm tpr_shadow vnmi flexpriority ept vpid fsgsbase tsc_adjust bmi1 avx2 smep bmi2 erms invpcid
bogomips	: 4589.71
clflush size	: 64
cache_alignment	: 64
address sizes	: 39 bits physical, 48 bits virtual
power management:

processor	: 1
vendor_id	: GenuineIntel
cpu family	: 6
model		: 69
model name	: Intel(R) Core(TM) i5-4200U CPU @ 1.60GHz
stepping	: 1
microcode	: 0x10
cpu MHz		: 1600.000
cache size	: 3072 KB
physical id	: 0
siblings	: 4
core id		: 1
cpu cores	: 2
apicid		: 2
initial apicid	: 2
fpu		: yes
fpu_exception	: yes
cpuid level	: 13
wp		: yes
flags		: fpu vme de pse tsc msr pae mce cx8 apic sep mtrr pge mca cmov pat pse36 clflush dts acpi mmx fxsr sse sse2 ss ht tm pbe syscall nx pdpe1gb rdtscp lm constant_tsc arch_perfmon pebs bts rep_good nopl xtopology nonstop_tsc aperfmperf eagerfpu pni pclmulqdq dtes64 monitor ds_cpl vmx est tm2 ssse3 fma cx16 xtpr pdcm pcid sse4_1 sse4_2 movbe popcnt tsc_deadline_timer aes xsave avx f16c rdrand lahf_lm abm ida arat epb xsaveopt pln pts dtherm tpr_shadow vnmi flexpriority ept vpid fsgsbase tsc_adjust bmi1 avx2 smep bmi2 erms invpcid
bogomips	: 4589.71
clflush size	: 64
cache_alignment	: 64
address sizes	: 39 bits physical, 48 bits virtual
power management:

processor	: 2
vendor_id	: GenuineIntel
cpu family	: 6
model		: 69
model name	: Intel(R) Core(TM) i5-4200U CPU @ 1.60GHz
stepping	: 1
microcode	: 0x10
cpu MHz		: 759.000
cache size	: 3072 KB
physical id	: 0
siblings	: 4
core id		: 0
cpu cores	: 2
apicid		: 1
initial apicid	: 1
fpu		: yes
fpu_exception	: yes
cpuid level	: 13
wp		: yes
flags		: fpu vme de pse tsc msr pae mce cx8 apic sep mtrr pge mca cmov pat pse36 clflush dts acpi mmx fxsr sse sse2 ss ht tm pbe syscall nx pdpe1gb rdtscp lm constant_tsc arch_perfmon pebs bts rep_good nopl xtopology nonstop_tsc aperfmperf eagerfpu pni pclmulqdq dtes64 monitor ds_cpl vmx est tm2 ssse3 fma cx16 xtpr pdcm pcid sse4_1 sse4_2 movbe popcnt tsc_deadline_timer aes xsave avx f16c rdrand lahf_lm abm ida arat epb xsaveopt pln pts dtherm tpr_shadow vnmi flexpriority ept vpid fsgsbase tsc_adjust bmi1 avx2 smep bmi2 erms invpcid
bogomips	: 4589.71
clflush size	: 64
cache_alignment	: 64
address sizes	: 39 bits physical, 48 bits virtual
power management:

processor	: 3
vendor_id	: GenuineIntel
cpu family	: 6
model		: 69
model name	: Intel(R) Core(TM) i5-4200U CPU @ 1.60GHz
stepping	: 1
microcode	: 0x10
cpu MHz		: 759.000
cache size	: 3072 KB
physical id	: 0
siblings	: 4
core id		: 1
cpu cores	: 2
apicid		: 3
initial apicid	: 3
fpu		: yes
fpu_exception	: yes
cpuid level	: 13
wp		: yes
flags		: fpu vme de pse tsc msr pae mce cx8 apic sep mtrr pge mca cmov pat pse36 clflush dts acpi mmx fxsr sse sse2 ss ht tm pbe syscall nx pdpe1gb rdtscp lm constant_tsc arch_perfmon pebs bts rep_good nopl xtopology nonstop_tsc aperfmperf eagerfpu pni pclmulqdq dtes64 monitor ds_cpl vmx est tm2 ssse3 fma cx16 xtpr pdcm pcid sse4_1 sse4_2 movbe popcnt tsc_deadline_timer aes xsave avx f16c rdrand lahf_lm abm ida arat epb xsaveopt pln pts dtherm tpr_shadow vnmi flexpriority ept vpid fsgsbase tsc_adjust bmi1 avx2 smep bmi2 erms invpcid
bogomips	: 4589.71
clflush size	: 64
cache_alignment	: 64
address sizes	: 39 bits physical, 48 bits virtual
power management:



Memory: 4k page, physical 8057896k(123436k free), swap 0k(0k free)

vm_info: Java HotSpot(TM) 64-Bit Server VM (25.45-b02) for linux-amd64 JRE (1.8.0_45-b14), built on Apr 10 2015 10:07:45 by "java_re" with gcc 4.3.0 20080428 (Red Hat 4.3.0-8)

time: Wed May 20 22:00:00 2015
elapsed time: 8193 seconds (0d 2h 16m 33s)

